<?xml version="1.0" encoding="UTF-8"?>
<testsuites name="Scenario Postive Case - Help" time="171.885" tests="11" failures="4" errors="0">
   <testsuite name="Scenario Postive Case - Help" tests="11" failures="4" errors="0" time="171.885" skipped="0" timestamp="2024-02-23 14:41:08" hostname="User - DESKTOP-9D92447" id="Test Suites/MoLeaWiz/Help Center/Positive Case/Scenario Postive Case - Help">
      <properties>
[...]
</properties>
      <testcase name="Test Cases/MoLeaWiz/Help/Positive Case/TCMHC01 - User bisa membuka halaman Help" time="10.366" classname="Test Cases/MoLeaWiz/Help/Positive Case/TCMHC01 - User bisa membuka halaman Help" status="PASSED">
         <system-out><![CDATA[2024-02-23 14:41:09 - [TEST_CASE][PASSED] - Test Cases/MoLeaWiz/Help/Positive Case/TCMHC01 - User bisa membuka halaman Help: Test Cases/MoLeaWiz/Help/Positive Case/TCMHC01 - User bisa membuka halaman Help

2024-02-23 14:41:10 - [TEST_STEP][PASSED] - click(findTestObject("Object Menu/btn_Help_Menu")): Object: 'Object Repository/Object Menu/btn_Help_Menu' is clicked on

2024-02-23 14:41:14 - [MESSAGE][PASSED] - Object: 'Object Repository/Object Menu/btn_Help_Menu' is clicked on

2024-02-23 14:41:14 - [TEST_STEP][PASSED] - verifyElementPresent(findTestObject("Object Menu/verify_Successfully_Open_Help_Menu"), 0): Object 'Object Repository/Object Menu/verify_Successfully_Open_Help_Menu' is present

2024-02-23 14:41:14 - [MESSAGE][WARNING] - Timeout '0' is invalid. Using default page load timeout: '30'

2024-02-23 14:41:19 - [MESSAGE][PASSED] - Object 'Object Repository/Object Menu/verify_Successfully_Open_Help_Menu' is present]]></system-out>
         <system-err><![CDATA[]]></system-err>
      </testcase>
      <testcase name="Test Cases/MoLeaWiz/Help/Positive Case/TCMHC02 - User bisa membuka list Help FAQ pada halaman Help dam membuka beberapa list collapse help FAQ" time="4.736" classname="Test Cases/MoLeaWiz/Help/Positive Case/TCMHC02 - User bisa membuka list Help FAQ pada halaman Help dam membuka beberapa list collapse help FAQ" status="PASSED">
         <system-out><![CDATA[2024-02-23 14:41:19 - [TEST_CASE][PASSED] - Test Cases/MoLeaWiz/Help/Positive Case/TCMHC02 - User bisa membuka list Help FAQ pada halaman Help dam membuka beberapa list collapse help FAQ: Test Cases/MoLeaWiz/Help/Positive Case/TCMHC02 - User bisa membuka list Help FAQ pada halaman Help dam membuka beberapa list collapse help FAQ

2024-02-23 14:41:20 - [TEST_STEP][PASSED] - click(findTestObject("Object Menu/btn_Help_Menu")): Object: 'Object Repository/Object Menu/btn_Help_Menu' is clicked on

2024-02-23 14:41:21 - [MESSAGE][PASSED] - Object: 'Object Repository/Object Menu/btn_Help_Menu' is clicked on

2024-02-23 14:41:21 - [TEST_STEP][PASSED] - click(findTestObject("Object Help/list_faq_help")): Object: 'Object Repository/Object Help/list_faq_help' is clicked on

2024-02-23 14:41:21 - [MESSAGE][PASSED] - Object: 'Object Repository/Object Help/list_faq_help' is clicked on

2024-02-23 14:41:21 - [TEST_STEP][PASSED] - click(findTestObject("Object Help/list_collapse_help_index_0")): Object: 'Object Repository/Object Help/list_collapse_help_index_0' is clicked on

2024-02-23 14:41:22 - [MESSAGE][PASSED] - Object: 'Object Repository/Object Help/list_collapse_help_index_0' is clicked on

2024-02-23 14:41:22 - [TEST_STEP][PASSED] - click(findTestObject("Object Help/list_collapse_help_index_1")): Object: 'Object Repository/Object Help/list_collapse_help_index_1' is clicked on

2024-02-23 14:41:23 - [MESSAGE][PASSED] - Object: 'Object Repository/Object Help/list_collapse_help_index_1' is clicked on

2024-02-23 14:41:23 - [TEST_STEP][PASSED] - click(findTestObject("Object Help/list_collapse_help_index_1")): Object: 'Object Repository/Object Help/list_collapse_help_index_1' is clicked on

2024-02-23 14:41:24 - [MESSAGE][PASSED] - Object: 'Object Repository/Object Help/list_collapse_help_index_1' is clicked on]]></system-out>
         <system-err><![CDATA[]]></system-err>
      </testcase>
      <testcase name="Test Cases/MoLeaWiz/Help/Positive Case/TCMHC03 - User bisa membuka list Help Login pada halaman Help dam membuka beberapa list collapse help Login" time="3.683" classname="Test Cases/MoLeaWiz/Help/Positive Case/TCMHC03 - User bisa membuka list Help Login pada halaman Help dam membuka beberapa list collapse help Login" status="PASSED">
         <system-out><![CDATA[2024-02-23 14:41:24 - [TEST_CASE][PASSED] - Test Cases/MoLeaWiz/Help/Positive Case/TCMHC03 - User bisa membuka list Help Login pada halaman Help dam membuka beberapa list collapse help Login: Test Cases/MoLeaWiz/Help/Positive Case/TCMHC03 - User bisa membuka list Help Login pada halaman Help dam membuka beberapa list collapse help Login

2024-02-23 14:41:25 - [TEST_STEP][PASSED] - click(findTestObject("Object Menu/btn_Help_Menu")): Object: 'Object Repository/Object Menu/btn_Help_Menu' is clicked on

2024-02-23 14:41:25 - [MESSAGE][PASSED] - Object: 'Object Repository/Object Menu/btn_Help_Menu' is clicked on

2024-02-23 14:41:25 - [TEST_STEP][PASSED] - click(findTestObject("Object Help/list_login_help")): Object: 'Object Repository/Object Help/list_login_help' is clicked on

2024-02-23 14:41:26 - [MESSAGE][PASSED] - Object: 'Object Repository/Object Help/list_login_help' is clicked on

2024-02-23 14:41:26 - [TEST_STEP][PASSED] - click(findTestObject("Object Help/list_collapse_help_index_0")): Object: 'Object Repository/Object Help/list_collapse_help_index_0' is clicked on

2024-02-23 14:41:27 - [MESSAGE][PASSED] - Object: 'Object Repository/Object Help/list_collapse_help_index_0' is clicked on

2024-02-23 14:41:27 - [TEST_STEP][PASSED] - click(findTestObject("Object Help/list_collapse_help_index_1")): Object: 'Object Repository/Object Help/list_collapse_help_index_1' is clicked on

2024-02-23 14:41:27 - [MESSAGE][PASSED] - Object: 'Object Repository/Object Help/list_collapse_help_index_1' is clicked on]]></system-out>
         <system-err><![CDATA[]]></system-err>
      </testcase>
      <testcase name="Test Cases/MoLeaWiz/Help/Positive Case/TCMHC04 - User bisa membuka list Help Profile dan Contact pada halaman Help dam membuka beberapa list collapse help Profile dan Contact" time="33.218" classname="Test Cases/MoLeaWiz/Help/Positive Case/TCMHC04 - User bisa membuka list Help Profile dan Contact pada halaman Help dam membuka beberapa list collapse help Profile dan Contact" status="FAILED">
         <failure type="FAILED" message="Test Cases/MoLeaWiz/Help/Positive Case/TCMHC04 - User bisa membuka list Help Profile dan Contact pada halaman Help dam membuka beberapa list collapse help Profile dan Contact FAILED.
Reason:
com.kms.katalon.core.exception.StepFailedException: Unable to click on object 'Object Repository/Object Help/list_profile_contact_help'
	at com.kms.katalon.core.webui.keyword.internal.WebUIKeywordMain.stepFailed(WebUIKeywordMain.groovy:64)
	at com.kms.katalon.core.webui.keyword.internal.WebUIKeywordMain.runKeyword(WebUIKeywordMain.groovy:26)
	at com.kms.katalon.core.webui.keyword.builtin.ClickKeyword.click(ClickKeyword.groovy:74)
	at com.kms.katalon.core.webui.keyword.builtin.ClickKeyword.execute(ClickKeyword.groovy:40)
	at com.kms.katalon.core.keyword.internal.KeywordExecutor.executeKeywordForPlatform(KeywordExecutor.groovy:74)
	at com.kms.katalon.core.webui.keyword.WebUiBuiltInKeywords.click(WebUiBuiltInKeywords.groovy:620)
	at com.kms.katalon.core.webui.keyword.WebUiBuiltInKeywords$click.call(Unknown Source)
	at TCMHC04 - User bisa membuka list Help Profile dan Contact pada halaman Help dam membuka beberapa list collapse help Profile dan Contact.run(TCMHC04 - User bisa membuka list Help Profile dan Contact pada halaman Help dam membuka beberapa list collapse help Profile dan Contact:22)
	at com.kms.katalon.core.main.ScriptEngine.run(ScriptEngine.java:194)
	at com.kms.katalon.core.main.ScriptEngine.runScriptAsRawText(ScriptEngine.java:119)
	at com.kms.katalon.core.main.TestCaseExecutor.runScript(TestCaseExecutor.java:448)
	at com.kms.katalon.core.main.TestCaseExecutor.doExecute(TestCaseExecutor.java:439)
	at com.kms.katalon.core.main.TestCaseExecutor.processExecutionPhase(TestCaseExecutor.java:418)
	at com.kms.katalon.core.main.TestCaseExecutor.accessMainPhase(TestCaseExecutor.java:410)
	at com.kms.katalon.core.main.TestCaseExecutor.execute(TestCaseExecutor.java:285)
	at com.kms.katalon.core.common.CommonExecutor.accessTestCaseMainPhase(CommonExecutor.java:65)
	at com.kms.katalon.core.main.TestSuiteExecutor.accessTestSuiteMainPhase(TestSuiteExecutor.java:148)
	at com.kms.katalon.core.main.TestSuiteExecutor.execute(TestSuiteExecutor.java:106)
	at com.kms.katalon.core.main.TestCaseMain.startTestSuite(TestCaseMain.java:187)
	at com.kms.katalon.core.main.TestCaseMain$startTestSuite$0.call(Unknown Source)
	at TempTestSuite1708674059623.run(TempTestSuite1708674059623.groovy:36)
Caused by: com.kms.katalon.core.webui.exception.WebElementNotFoundException: Web element with id: 'Object Repository/Object Help/list_profile_contact_help' located by '//*[@id = 'list-profile-contact-help']' not found
	at com.kms.katalon.core.webui.common.WebUiCommonHelper.findWebElement(WebUiCommonHelper.java:1381)
	at com.kms.katalon.core.webui.keyword.internal.WebUIAbstractKeyword.findWebElement(WebUIAbstractKeyword.groovy:27)
	at com.kms.katalon.core.webui.keyword.builtin.ClickKeyword$_click_closure1.doCall(ClickKeyword.groovy:65)
	at com.kms.katalon.core.webui.keyword.builtin.ClickKeyword$_click_closure1.call(ClickKeyword.groovy)
	at com.kms.katalon.core.webui.keyword.internal.WebUIKeywordMain.runKeyword(WebUIKeywordMain.groovy:20)
	... 19 more
"/>
         <system-out><![CDATA[2024-02-23 14:41:27 - [TEST_CASE][FAILED] - Test Cases/MoLeaWiz/Help/Positive Case/TCMHC04 - User bisa membuka list Help Profile dan Contact pada halaman Help dam membuka beberapa list collapse help Profile dan Contact: Test Cases/MoLeaWiz/Help/Positive Case/TCMHC04 - User bisa membuka list Help Profile dan Contact pada halaman Help dam membuka beberapa list collapse help Profile dan Contact FAILED.
Reason:
com.kms.katalon.core.exception.StepFailedException: Unable to click on object 'Object Repository/Object Help/list_profile_contact_help'
	at com.kms.katalon.core.webui.keyword.internal.WebUIKeywordMain.stepFailed(WebUIKeywordMain.groovy:64)
	at com.kms.katalon.core.webui.keyword.internal.WebUIKeywordMain.runKeyword(WebUIKeywordMain.groovy:26)
	at com.kms.katalon.core.webui.keyword.builtin.ClickKeyword.click(ClickKeyword.groovy:74)
	at com.kms.katalon.core.webui.keyword.builtin.ClickKeyword.execute(ClickKeyword.groovy:40)
	at com.kms.katalon.core.keyword.internal.KeywordExecutor.executeKeywordForPlatform(KeywordExecutor.groovy:74)
	at com.kms.katalon.core.webui.keyword.WebUiBuiltInKeywords.click(WebUiBuiltInKeywords.groovy:620)
	at com.kms.katalon.core.webui.keyword.WebUiBuiltInKeywords$click.call(Unknown Source)
	at TCMHC04 - User bisa membuka list Help Profile dan Contact pada halaman Help dam membuka beberapa list collapse help Profile dan Contact.run(TCMHC04 - User bisa membuka list Help Profile dan Contact pada halaman Help dam membuka beberapa list collapse help Profile dan Contact:22)
	at com.kms.katalon.core.main.ScriptEngine.run(ScriptEngine.java:194)
	at com.kms.katalon.core.main.ScriptEngine.runScriptAsRawText(ScriptEngine.java:119)
	at com.kms.katalon.core.main.TestCaseExecutor.runScript(TestCaseExecutor.java:448)
	at com.kms.katalon.core.main.TestCaseExecutor.doExecute(TestCaseExecutor.java:439)
	at com.kms.katalon.core.main.TestCaseExecutor.processExecutionPhase(TestCaseExecutor.java:418)
	at com.kms.katalon.core.main.TestCaseExecutor.accessMainPhase(TestCaseExecutor.java:410)
	at com.kms.katalon.core.main.TestCaseExecutor.execute(TestCaseExecutor.java:285)
	at com.kms.katalon.core.common.CommonExecutor.accessTestCaseMainPhase(CommonExecutor.java:65)
	at com.kms.katalon.core.main.TestSuiteExecutor.accessTestSuiteMainPhase(TestSuiteExecutor.java:148)
	at com.kms.katalon.core.main.TestSuiteExecutor.execute(TestSuiteExecutor.java:106)
	at com.kms.katalon.core.main.TestCaseMain.startTestSuite(TestCaseMain.java:187)
	at com.kms.katalon.core.main.TestCaseMain$startTestSuite$0.call(Unknown Source)
	at TempTestSuite1708674059623.run(TempTestSuite1708674059623.groovy:36)
Caused by: com.kms.katalon.core.webui.exception.WebElementNotFoundException: Web element with id: 'Object Repository/Object Help/list_profile_contact_help' located by '//*[@id = 'list-profile-contact-help']' not found
	at com.kms.katalon.core.webui.common.WebUiCommonHelper.findWebElement(WebUiCommonHelper.java:1381)
	at com.kms.katalon.core.webui.keyword.internal.WebUIAbstractKeyword.findWebElement(WebUIAbstractKeyword.groovy:27)
	at com.kms.katalon.core.webui.keyword.builtin.ClickKeyword$_click_closure1.doCall(ClickKeyword.groovy:65)
	at com.kms.katalon.core.webui.keyword.builtin.ClickKeyword$_click_closure1.call(ClickKeyword.groovy)
	at com.kms.katalon.core.webui.keyword.internal.WebUIKeywordMain.runKeyword(WebUIKeywordMain.groovy:20)
	... 19 more


2024-02-23 14:41:28 - [TEST_STEP][PASSED] - click(findTestObject("Object Menu/btn_Help_Menu")): Object: 'Object Repository/Object Menu/btn_Help_Menu' is clicked on

2024-02-23 14:41:29 - [MESSAGE][PASSED] - Object: 'Object Repository/Object Menu/btn_Help_Menu' is clicked on

2024-02-23 14:41:29 - [TEST_STEP][FAILED] - click(findTestObject("Object Help/list_profile_contact_help")): Unable to click on object 'Object Repository/Object Help/list_profile_contact_help' (Root cause: com.kms.katalon.core.exception.StepFailedException: Unable to click on object 'Object Repository/Object Help/list_profile_contact_help'
	at com.kms.katalon.core.webui.keyword.internal.WebUIKeywordMain.stepFailed(WebUIKeywordMain.groovy:64)
	at com.kms.katalon.core.webui.keyword.internal.WebUIKeywordMain.runKeyword(WebUIKeywordMain.groovy:26)
	at com.kms.katalon.core.webui.keyword.builtin.ClickKeyword.click(ClickKeyword.groovy:74)
	at com.kms.katalon.core.webui.keyword.builtin.ClickKeyword.execute(ClickKeyword.groovy:40)
	at com.kms.katalon.core.keyword.internal.KeywordExecutor.executeKeywordForPlatform(KeywordExecutor.groovy:74)
	at com.kms.katalon.core.webui.keyword.WebUiBuiltInKeywords.click(WebUiBuiltInKeywords.groovy:620)
	at com.kms.katalon.core.webui.keyword.WebUiBuiltInKeywords$click.call(Unknown Source)
	at TCMHC04 - User bisa membuka list Help Profile dan Contact pada halaman Help dam membuka beberapa list collapse help Profile dan Contact.run(TCMHC04 - User bisa membuka list Help Profile dan Contact pada halaman Help dam membuka beberapa list collapse help Profile dan Contact:22)
	at com.kms.katalon.core.main.ScriptEngine.run(ScriptEngine.java:194)
	at com.kms.katalon.core.main.ScriptEngine.runScriptAsRawText(ScriptEngine.java:119)
	at com.kms.katalon.core.main.TestCaseExecutor.runScript(TestCaseExecutor.java:448)
	at com.kms.katalon.core.main.TestCaseExecutor.doExecute(TestCaseExecutor.java:439)
	at com.kms.katalon.core.main.TestCaseExecutor.processExecutionPhase(TestCaseExecutor.java:418)
	at com.kms.katalon.core.main.TestCaseExecutor.accessMainPhase(TestCaseExecutor.java:410)
	at com.kms.katalon.core.main.TestCaseExecutor.execute(TestCaseExecutor.java:285)
	at com.kms.katalon.core.common.CommonExecutor.accessTestCaseMainPhase(CommonExecutor.java:65)
	at com.kms.katalon.core.main.TestSuiteExecutor.accessTestSuiteMainPhase(TestSuiteExecutor.java:148)
	at com.kms.katalon.core.main.TestSuiteExecutor.execute(TestSuiteExecutor.java:106)
	at com.kms.katalon.core.main.TestCaseMain.startTestSuite(TestCaseMain.java:187)
	at com.kms.katalon.core.main.TestCaseMain$startTestSuite$0.call(Unknown Source)
	at TempTestSuite1708674059623.run(TempTestSuite1708674059623.groovy:36)
Caused by: com.kms.katalon.core.webui.exception.WebElementNotFoundException: Web element with id: 'Object Repository/Object Help/list_profile_contact_help' located by '//*[@id = 'list-profile-contact-help']' not found
	at com.kms.katalon.core.webui.common.WebUiCommonHelper.findWebElement(WebUiCommonHelper.java:1381)
	at com.kms.katalon.core.webui.keyword.internal.WebUIAbstractKeyword.findWebElement(WebUIAbstractKeyword.groovy:27)
	at com.kms.katalon.core.webui.keyword.builtin.ClickKeyword$_click_closure1.doCall(ClickKeyword.groovy:65)
	at com.kms.katalon.core.webui.keyword.builtin.ClickKeyword$_click_closure1.call(ClickKeyword.groovy)
	at com.kms.katalon.core.webui.keyword.internal.WebUIKeywordMain.runKeyword(WebUIKeywordMain.groovy:20)
	at com.kms.katalon.core.webui.keyword.builtin.ClickKeyword.click(ClickKeyword.groovy:74)
	at com.kms.katalon.core.webui.keyword.builtin.ClickKeyword.execute(ClickKeyword.groovy:40)
	at com.kms.katalon.core.keyword.internal.KeywordExecutor.executeKeywordForPlatform(KeywordExecutor.groovy:74)
	at com.kms.katalon.core.webui.keyword.WebUiBuiltInKeywords.click(WebUiBuiltInKeywords.groovy:620)
	at com.kms.katalon.core.webui.keyword.WebUiBuiltInKeywords$click.call(Unknown Source)
	at Script1704678296566.run(Script1704678296566.groovy:22)
	... 13 more
)

2024-02-23 14:42:00 - [MESSAGE][INFO] - Unable to find the element located by 'By.xpath: //*[@id = 'list-profile-contact-help']'. Please recheck the objects properties to make sure the desired element is located. 

2024-02-23 14:42:01 - [MESSAGE][FAILED] - Unable to click on object 'Object Repository/Object Help/list_profile_contact_help' (Root cause: com.kms.katalon.core.exception.StepFailedException: Unable to click on object 'Object Repository/Object Help/list_profile_contact_help'
	at com.kms.katalon.core.webui.keyword.internal.WebUIKeywordMain.stepFailed(WebUIKeywordMain.groovy:64)
	at com.kms.katalon.core.webui.keyword.internal.WebUIKeywordMain.runKeyword(WebUIKeywordMain.groovy:26)
	at com.kms.katalon.core.webui.keyword.builtin.ClickKeyword.click(ClickKeyword.groovy:74)
	at com.kms.katalon.core.webui.keyword.builtin.ClickKeyword.execute(ClickKeyword.groovy:40)
	at com.kms.katalon.core.keyword.internal.KeywordExecutor.executeKeywordForPlatform(KeywordExecutor.groovy:74)
	at com.kms.katalon.core.webui.keyword.WebUiBuiltInKeywords.click(WebUiBuiltInKeywords.groovy:620)
	at com.kms.katalon.core.webui.keyword.WebUiBuiltInKeywords$click.call(Unknown Source)
	at TCMHC04 - User bisa membuka list Help Profile dan Contact pada halaman Help dam membuka beberapa list collapse help Profile dan Contact.run(TCMHC04 - User bisa membuka list Help Profile dan Contact pada halaman Help dam membuka beberapa list collapse help Profile dan Contact:22)
	at com.kms.katalon.core.main.ScriptEngine.run(ScriptEngine.java:194)
	at com.kms.katalon.core.main.ScriptEngine.runScriptAsRawText(ScriptEngine.java:119)
	at com.kms.katalon.core.main.TestCaseExecutor.runScript(TestCaseExecutor.java:448)
	at com.kms.katalon.core.main.TestCaseExecutor.doExecute(TestCaseExecutor.java:439)
	at com.kms.katalon.core.main.TestCaseExecutor.processExecutionPhase(TestCaseExecutor.java:418)
	at com.kms.katalon.core.main.TestCaseExecutor.accessMainPhase(TestCaseExecutor.java:410)
	at com.kms.katalon.core.main.TestCaseExecutor.execute(TestCaseExecutor.java:285)
	at com.kms.katalon.core.common.CommonExecutor.accessTestCaseMainPhase(CommonExecutor.java:65)
	at com.kms.katalon.core.main.TestSuiteExecutor.accessTestSuiteMainPhase(TestSuiteExecutor.java:148)
	at com.kms.katalon.core.main.TestSuiteExecutor.execute(TestSuiteExecutor.java:106)
	at com.kms.katalon.core.main.TestCaseMain.startTestSuite(TestCaseMain.java:187)
	at com.kms.katalon.core.main.TestCaseMain$startTestSuite$0.call(Unknown Source)
	at TempTestSuite1708674059623.run(TempTestSuite1708674059623.groovy:36)
Caused by: com.kms.katalon.core.webui.exception.WebElementNotFoundException: Web element with id: 'Object Repository/Object Help/list_profile_contact_help' located by '//*[@id = 'list-profile-contact-help']' not found
	at com.kms.katalon.core.webui.common.WebUiCommonHelper.findWebElement(WebUiCommonHelper.java:1381)
	at com.kms.katalon.core.webui.keyword.internal.WebUIAbstractKeyword.findWebElement(WebUIAbstractKeyword.groovy:27)
	at com.kms.katalon.core.webui.keyword.builtin.ClickKeyword$_click_closure1.doCall(ClickKeyword.groovy:65)
	at com.kms.katalon.core.webui.keyword.builtin.ClickKeyword$_click_closure1.call(ClickKeyword.groovy)
	at com.kms.katalon.core.webui.keyword.internal.WebUIKeywordMain.runKeyword(WebUIKeywordMain.groovy:20)
	at com.kms.katalon.core.webui.keyword.builtin.ClickKeyword.click(ClickKeyword.groovy:74)
	at com.kms.katalon.core.webui.keyword.builtin.ClickKeyword.execute(ClickKeyword.groovy:40)
	at com.kms.katalon.core.keyword.internal.KeywordExecutor.executeKeywordForPlatform(KeywordExecutor.groovy:74)
	at com.kms.katalon.core.webui.keyword.WebUiBuiltInKeywords.click(WebUiBuiltInKeywords.groovy:620)
	at com.kms.katalon.core.webui.keyword.WebUiBuiltInKeywords$click.call(Unknown Source)
	at Script1704678296566.run(Script1704678296566.groovy:22)
	... 13 more
)
[[ATTACHMENT|C:\\Users\\User\\git\\moleawiz_web_katalon_automation\\Reports\\20240223_144059\\MoLeaWiz\\Help Center\\Positive Case\\Scenario Postive Case - Help\\20240223_144059\\1708674120818.png]]]]></system-out>
         <system-err><![CDATA[2024-02-23 14:41:27 - [TEST_CASE][FAILED] - Test Cases/MoLeaWiz/Help/Positive Case/TCMHC04 - User bisa membuka list Help Profile dan Contact pada halaman Help dam membuka beberapa list collapse help Profile dan Contact: Test Cases/MoLeaWiz/Help/Positive Case/TCMHC04 - User bisa membuka list Help Profile dan Contact pada halaman Help dam membuka beberapa list collapse help Profile dan Contact FAILED.
Reason:
com.kms.katalon.core.exception.StepFailedException: Unable to click on object 'Object Repository/Object Help/list_profile_contact_help'
	at com.kms.katalon.core.webui.keyword.internal.WebUIKeywordMain.stepFailed(WebUIKeywordMain.groovy:64)
	at com.kms.katalon.core.webui.keyword.internal.WebUIKeywordMain.runKeyword(WebUIKeywordMain.groovy:26)
	at com.kms.katalon.core.webui.keyword.builtin.ClickKeyword.click(ClickKeyword.groovy:74)
	at com.kms.katalon.core.webui.keyword.builtin.ClickKeyword.execute(ClickKeyword.groovy:40)
	at com.kms.katalon.core.keyword.internal.KeywordExecutor.executeKeywordForPlatform(KeywordExecutor.groovy:74)
	at com.kms.katalon.core.webui.keyword.WebUiBuiltInKeywords.click(WebUiBuiltInKeywords.groovy:620)
	at com.kms.katalon.core.webui.keyword.WebUiBuiltInKeywords$click.call(Unknown Source)
	at TCMHC04 - User bisa membuka list Help Profile dan Contact pada halaman Help dam membuka beberapa list collapse help Profile dan Contact.run(TCMHC04 - User bisa membuka list Help Profile dan Contact pada halaman Help dam membuka beberapa list collapse help Profile dan Contact:22)
	at com.kms.katalon.core.main.ScriptEngine.run(ScriptEngine.java:194)
	at com.kms.katalon.core.main.ScriptEngine.runScriptAsRawText(ScriptEngine.java:119)
	at com.kms.katalon.core.main.TestCaseExecutor.runScript(TestCaseExecutor.java:448)
	at com.kms.katalon.core.main.TestCaseExecutor.doExecute(TestCaseExecutor.java:439)
	at com.kms.katalon.core.main.TestCaseExecutor.processExecutionPhase(TestCaseExecutor.java:418)
	at com.kms.katalon.core.main.TestCaseExecutor.accessMainPhase(TestCaseExecutor.java:410)
	at com.kms.katalon.core.main.TestCaseExecutor.execute(TestCaseExecutor.java:285)
	at com.kms.katalon.core.common.CommonExecutor.accessTestCaseMainPhase(CommonExecutor.java:65)
	at com.kms.katalon.core.main.TestSuiteExecutor.accessTestSuiteMainPhase(TestSuiteExecutor.java:148)
	at com.kms.katalon.core.main.TestSuiteExecutor.execute(TestSuiteExecutor.java:106)
	at com.kms.katalon.core.main.TestCaseMain.startTestSuite(TestCaseMain.java:187)
	at com.kms.katalon.core.main.TestCaseMain$startTestSuite$0.call(Unknown Source)
	at TempTestSuite1708674059623.run(TempTestSuite1708674059623.groovy:36)
Caused by: com.kms.katalon.core.webui.exception.WebElementNotFoundException: Web element with id: 'Object Repository/Object Help/list_profile_contact_help' located by '//*[@id = 'list-profile-contact-help']' not found
	at com.kms.katalon.core.webui.common.WebUiCommonHelper.findWebElement(WebUiCommonHelper.java:1381)
	at com.kms.katalon.core.webui.keyword.internal.WebUIAbstractKeyword.findWebElement(WebUIAbstractKeyword.groovy:27)
	at com.kms.katalon.core.webui.keyword.builtin.ClickKeyword$_click_closure1.doCall(ClickKeyword.groovy:65)
	at com.kms.katalon.core.webui.keyword.builtin.ClickKeyword$_click_closure1.call(ClickKeyword.groovy)
	at com.kms.katalon.core.webui.keyword.internal.WebUIKeywordMain.runKeyword(WebUIKeywordMain.groovy:20)
	... 19 more]]></system-err>
      </testcase>
      <testcase name="Test Cases/MoLeaWiz/Help/Positive Case/TCMHC05 - User bisa membuka list Help My Learning Journey pada halaman Help dam membuka beberapa list collapse help My Learning Journey" time="4.049" classname="Test Cases/MoLeaWiz/Help/Positive Case/TCMHC05 - User bisa membuka list Help My Learning Journey pada halaman Help dam membuka beberapa list collapse help My Learning Journey" status="PASSED">
         <system-out><![CDATA[2024-02-23 14:42:01 - [TEST_CASE][PASSED] - Test Cases/MoLeaWiz/Help/Positive Case/TCMHC05 - User bisa membuka list Help My Learning Journey pada halaman Help dam membuka beberapa list collapse help My Learning Journey: Test Cases/MoLeaWiz/Help/Positive Case/TCMHC05 - User bisa membuka list Help My Learning Journey pada halaman Help dam membuka beberapa list collapse help My Learning Journey

2024-02-23 14:42:02 - [TEST_STEP][PASSED] - click(findTestObject("Object Menu/btn_Help_Menu")): Object: 'Object Repository/Object Menu/btn_Help_Menu' is clicked on

2024-02-23 14:42:02 - [MESSAGE][PASSED] - Object: 'Object Repository/Object Menu/btn_Help_Menu' is clicked on

2024-02-23 14:42:02 - [TEST_STEP][PASSED] - click(findTestObject("Object Help/list_my_learning_journey_help")): Object: 'Object Repository/Object Help/list_my_learning_journey_help' is clicked on

2024-02-23 14:42:03 - [MESSAGE][PASSED] - Object: 'Object Repository/Object Help/list_my_learning_journey_help' is clicked on

2024-02-23 14:42:03 - [TEST_STEP][PASSED] - click(findTestObject("Object Help/list_collapse_help_index_0")): Object: 'Object Repository/Object Help/list_collapse_help_index_0' is clicked on

2024-02-23 14:42:04 - [MESSAGE][PASSED] - Object: 'Object Repository/Object Help/list_collapse_help_index_0' is clicked on

2024-02-23 14:42:04 - [TEST_STEP][PASSED] - click(findTestObject("Object Help/list_collapse_help_index_1")): Object: 'Object Repository/Object Help/list_collapse_help_index_1' is clicked on

2024-02-23 14:42:05 - [MESSAGE][PASSED] - Object: 'Object Repository/Object Help/list_collapse_help_index_1' is clicked on]]></system-out>
         <system-err><![CDATA[]]></system-err>
      </testcase>
      <testcase name="Test Cases/MoLeaWiz/Help/Positive Case/TCMHC06 - User bisa membuka list Help Learning Activity pada halaman Help dam membuka beberapa list collapse help Learning Activity" time="3.803" classname="Test Cases/MoLeaWiz/Help/Positive Case/TCMHC06 - User bisa membuka list Help Learning Activity pada halaman Help dam membuka beberapa list collapse help Learning Activity" status="PASSED">
         <system-out><![CDATA[2024-02-23 14:42:05 - [TEST_CASE][PASSED] - Test Cases/MoLeaWiz/Help/Positive Case/TCMHC06 - User bisa membuka list Help Learning Activity pada halaman Help dam membuka beberapa list collapse help Learning Activity: Test Cases/MoLeaWiz/Help/Positive Case/TCMHC06 - User bisa membuka list Help Learning Activity pada halaman Help dam membuka beberapa list collapse help Learning Activity

2024-02-23 14:42:06 - [TEST_STEP][PASSED] - click(findTestObject("Object Menu/btn_Help_Menu")): Object: 'Object Repository/Object Menu/btn_Help_Menu' is clicked on

2024-02-23 14:42:06 - [MESSAGE][PASSED] - Object: 'Object Repository/Object Menu/btn_Help_Menu' is clicked on

2024-02-23 14:42:06 - [TEST_STEP][PASSED] - click(findTestObject("Object Help/list_learning_activity_help")): Object: 'Object Repository/Object Help/list_learning_activity_help' is clicked on

2024-02-23 14:42:07 - [MESSAGE][PASSED] - Object: 'Object Repository/Object Help/list_learning_activity_help' is clicked on

2024-02-23 14:42:07 - [TEST_STEP][PASSED] - click(findTestObject("Object Help/list_collapse_help_index_0")): Object: 'Object Repository/Object Help/list_collapse_help_index_0' is clicked on

2024-02-23 14:42:08 - [MESSAGE][PASSED] - Object: 'Object Repository/Object Help/list_collapse_help_index_0' is clicked on

2024-02-23 14:42:08 - [TEST_STEP][PASSED] - click(findTestObject("Object Help/list_collapse_help_index_1")): Object: 'Object Repository/Object Help/list_collapse_help_index_1' is clicked on

2024-02-23 14:42:09 - [MESSAGE][PASSED] - Object: 'Object Repository/Object Help/list_collapse_help_index_1' is clicked on]]></system-out>
         <system-err><![CDATA[]]></system-err>
      </testcase>
      <testcase name="Test Cases/MoLeaWiz/Help/Positive Case/TCMHC07 - User bisa membuka list Help Learning Point pada halaman Help dam membuka beberapa list collapse help Learning Point" time="3.694" classname="Test Cases/MoLeaWiz/Help/Positive Case/TCMHC07 - User bisa membuka list Help Learning Point pada halaman Help dam membuka beberapa list collapse help Learning Point" status="PASSED">
         <system-out><![CDATA[2024-02-23 14:42:09 - [TEST_CASE][PASSED] - Test Cases/MoLeaWiz/Help/Positive Case/TCMHC07 - User bisa membuka list Help Learning Point pada halaman Help dam membuka beberapa list collapse help Learning Point: Test Cases/MoLeaWiz/Help/Positive Case/TCMHC07 - User bisa membuka list Help Learning Point pada halaman Help dam membuka beberapa list collapse help Learning Point

2024-02-23 14:42:10 - [TEST_STEP][PASSED] - click(findTestObject("Object Menu/btn_Help_Menu")): Object: 'Object Repository/Object Menu/btn_Help_Menu' is clicked on

2024-02-23 14:42:10 - [MESSAGE][PASSED] - Object: 'Object Repository/Object Menu/btn_Help_Menu' is clicked on

2024-02-23 14:42:10 - [TEST_STEP][PASSED] - click(findTestObject("Object Help/list_learning_point_help")): Object: 'Object Repository/Object Help/list_learning_point_help' is clicked on

2024-02-23 14:42:11 - [MESSAGE][PASSED] - Object: 'Object Repository/Object Help/list_learning_point_help' is clicked on

2024-02-23 14:42:11 - [TEST_STEP][PASSED] - click(findTestObject("Object Help/list_collapse_help_index_0")): Object: 'Object Repository/Object Help/list_collapse_help_index_0' is clicked on

2024-02-23 14:42:12 - [MESSAGE][PASSED] - Object: 'Object Repository/Object Help/list_collapse_help_index_0' is clicked on

2024-02-23 14:42:12 - [TEST_STEP][PASSED] - click(findTestObject("Object Help/list_collapse_help_index_1")): Object: 'Object Repository/Object Help/list_collapse_help_index_1' is clicked on

2024-02-23 14:42:12 - [MESSAGE][PASSED] - Object: 'Object Repository/Object Help/list_collapse_help_index_1' is clicked on]]></system-out>
         <system-err><![CDATA[]]></system-err>
      </testcase>
      <testcase name="Test Cases/MoLeaWiz/Help/Positive Case/TCMHC08 - User bisa membuka list Help Supervisor dan Reviewer pada halaman Help dam membuka beberapa list collapse help Supervisor dan Reviewer" time="33.127" classname="Test Cases/MoLeaWiz/Help/Positive Case/TCMHC08 - User bisa membuka list Help Supervisor dan Reviewer pada halaman Help dam membuka beberapa list collapse help Supervisor dan Reviewer" status="FAILED">
         <failure type="FAILED" message="Test Cases/MoLeaWiz/Help/Positive Case/TCMHC08 - User bisa membuka list Help Supervisor dan Reviewer pada halaman Help dam membuka beberapa list collapse help Supervisor dan Reviewer FAILED.
Reason:
com.kms.katalon.core.exception.StepFailedException: Unable to click on object 'Object Repository/Object Help/list_supervisor_reviewer_help'
	at com.kms.katalon.core.webui.keyword.internal.WebUIKeywordMain.stepFailed(WebUIKeywordMain.groovy:64)
	at com.kms.katalon.core.webui.keyword.internal.WebUIKeywordMain.runKeyword(WebUIKeywordMain.groovy:26)
	at com.kms.katalon.core.webui.keyword.builtin.ClickKeyword.click(ClickKeyword.groovy:74)
	at com.kms.katalon.core.webui.keyword.builtin.ClickKeyword.execute(ClickKeyword.groovy:40)
	at com.kms.katalon.core.keyword.internal.KeywordExecutor.executeKeywordForPlatform(KeywordExecutor.groovy:74)
	at com.kms.katalon.core.webui.keyword.WebUiBuiltInKeywords.click(WebUiBuiltInKeywords.groovy:620)
	at com.kms.katalon.core.webui.keyword.WebUiBuiltInKeywords$click.call(Unknown Source)
	at TCMHC08 - User bisa membuka list Help Supervisor dan Reviewer pada halaman Help dam membuka beberapa list collapse help Supervisor dan Reviewer.run(TCMHC08 - User bisa membuka list Help Supervisor dan Reviewer pada halaman Help dam membuka beberapa list collapse help Supervisor dan Reviewer:22)
	at com.kms.katalon.core.main.ScriptEngine.run(ScriptEngine.java:194)
	at com.kms.katalon.core.main.ScriptEngine.runScriptAsRawText(ScriptEngine.java:119)
	at com.kms.katalon.core.main.TestCaseExecutor.runScript(TestCaseExecutor.java:448)
	at com.kms.katalon.core.main.TestCaseExecutor.doExecute(TestCaseExecutor.java:439)
	at com.kms.katalon.core.main.TestCaseExecutor.processExecutionPhase(TestCaseExecutor.java:418)
	at com.kms.katalon.core.main.TestCaseExecutor.accessMainPhase(TestCaseExecutor.java:410)
	at com.kms.katalon.core.main.TestCaseExecutor.execute(TestCaseExecutor.java:285)
	at com.kms.katalon.core.common.CommonExecutor.accessTestCaseMainPhase(CommonExecutor.java:65)
	at com.kms.katalon.core.main.TestSuiteExecutor.accessTestSuiteMainPhase(TestSuiteExecutor.java:148)
	at com.kms.katalon.core.main.TestSuiteExecutor.execute(TestSuiteExecutor.java:106)
	at com.kms.katalon.core.main.TestCaseMain.startTestSuite(TestCaseMain.java:187)
	at com.kms.katalon.core.main.TestCaseMain$startTestSuite$0.call(Unknown Source)
	at TempTestSuite1708674059623.run(TempTestSuite1708674059623.groovy:36)
Caused by: com.kms.katalon.core.webui.exception.WebElementNotFoundException: Web element with id: 'Object Repository/Object Help/list_supervisor_reviewer_help' located by '//*[@id = 'list-supervisor-reviewer-help']' not found
	at com.kms.katalon.core.webui.common.WebUiCommonHelper.findWebElement(WebUiCommonHelper.java:1381)
	at com.kms.katalon.core.webui.keyword.internal.WebUIAbstractKeyword.findWebElement(WebUIAbstractKeyword.groovy:27)
	at com.kms.katalon.core.webui.keyword.builtin.ClickKeyword$_click_closure1.doCall(ClickKeyword.groovy:65)
	at com.kms.katalon.core.webui.keyword.builtin.ClickKeyword$_click_closure1.call(ClickKeyword.groovy)
	at com.kms.katalon.core.webui.keyword.internal.WebUIKeywordMain.runKeyword(WebUIKeywordMain.groovy:20)
	... 19 more
"/>
         <system-out><![CDATA[2024-02-23 14:42:12 - [TEST_CASE][FAILED] - Test Cases/MoLeaWiz/Help/Positive Case/TCMHC08 - User bisa membuka list Help Supervisor dan Reviewer pada halaman Help dam membuka beberapa list collapse help Supervisor dan Reviewer: Test Cases/MoLeaWiz/Help/Positive Case/TCMHC08 - User bisa membuka list Help Supervisor dan Reviewer pada halaman Help dam membuka beberapa list collapse help Supervisor dan Reviewer FAILED.
Reason:
com.kms.katalon.core.exception.StepFailedException: Unable to click on object 'Object Repository/Object Help/list_supervisor_reviewer_help'
	at com.kms.katalon.core.webui.keyword.internal.WebUIKeywordMain.stepFailed(WebUIKeywordMain.groovy:64)
	at com.kms.katalon.core.webui.keyword.internal.WebUIKeywordMain.runKeyword(WebUIKeywordMain.groovy:26)
	at com.kms.katalon.core.webui.keyword.builtin.ClickKeyword.click(ClickKeyword.groovy:74)
	at com.kms.katalon.core.webui.keyword.builtin.ClickKeyword.execute(ClickKeyword.groovy:40)
	at com.kms.katalon.core.keyword.internal.KeywordExecutor.executeKeywordForPlatform(KeywordExecutor.groovy:74)
	at com.kms.katalon.core.webui.keyword.WebUiBuiltInKeywords.click(WebUiBuiltInKeywords.groovy:620)
	at com.kms.katalon.core.webui.keyword.WebUiBuiltInKeywords$click.call(Unknown Source)
	at TCMHC08 - User bisa membuka list Help Supervisor dan Reviewer pada halaman Help dam membuka beberapa list collapse help Supervisor dan Reviewer.run(TCMHC08 - User bisa membuka list Help Supervisor dan Reviewer pada halaman Help dam membuka beberapa list collapse help Supervisor dan Reviewer:22)
	at com.kms.katalon.core.main.ScriptEngine.run(ScriptEngine.java:194)
	at com.kms.katalon.core.main.ScriptEngine.runScriptAsRawText(ScriptEngine.java:119)
	at com.kms.katalon.core.main.TestCaseExecutor.runScript(TestCaseExecutor.java:448)
	at com.kms.katalon.core.main.TestCaseExecutor.doExecute(TestCaseExecutor.java:439)
	at com.kms.katalon.core.main.TestCaseExecutor.processExecutionPhase(TestCaseExecutor.java:418)
	at com.kms.katalon.core.main.TestCaseExecutor.accessMainPhase(TestCaseExecutor.java:410)
	at com.kms.katalon.core.main.TestCaseExecutor.execute(TestCaseExecutor.java:285)
	at com.kms.katalon.core.common.CommonExecutor.accessTestCaseMainPhase(CommonExecutor.java:65)
	at com.kms.katalon.core.main.TestSuiteExecutor.accessTestSuiteMainPhase(TestSuiteExecutor.java:148)
	at com.kms.katalon.core.main.TestSuiteExecutor.execute(TestSuiteExecutor.java:106)
	at com.kms.katalon.core.main.TestCaseMain.startTestSuite(TestCaseMain.java:187)
	at com.kms.katalon.core.main.TestCaseMain$startTestSuite$0.call(Unknown Source)
	at TempTestSuite1708674059623.run(TempTestSuite1708674059623.groovy:36)
Caused by: com.kms.katalon.core.webui.exception.WebElementNotFoundException: Web element with id: 'Object Repository/Object Help/list_supervisor_reviewer_help' located by '//*[@id = 'list-supervisor-reviewer-help']' not found
	at com.kms.katalon.core.webui.common.WebUiCommonHelper.findWebElement(WebUiCommonHelper.java:1381)
	at com.kms.katalon.core.webui.keyword.internal.WebUIAbstractKeyword.findWebElement(WebUIAbstractKeyword.groovy:27)
	at com.kms.katalon.core.webui.keyword.builtin.ClickKeyword$_click_closure1.doCall(ClickKeyword.groovy:65)
	at com.kms.katalon.core.webui.keyword.builtin.ClickKeyword$_click_closure1.call(ClickKeyword.groovy)
	at com.kms.katalon.core.webui.keyword.internal.WebUIKeywordMain.runKeyword(WebUIKeywordMain.groovy:20)
	... 19 more


2024-02-23 14:42:13 - [TEST_STEP][PASSED] - click(findTestObject("Object Menu/btn_Help_Menu")): Object: 'Object Repository/Object Menu/btn_Help_Menu' is clicked on

2024-02-23 14:42:14 - [MESSAGE][PASSED] - Object: 'Object Repository/Object Menu/btn_Help_Menu' is clicked on

2024-02-23 14:42:14 - [TEST_STEP][FAILED] - click(findTestObject("Object Help/list_supervisor_reviewer_help")): Unable to click on object 'Object Repository/Object Help/list_supervisor_reviewer_help' (Root cause: com.kms.katalon.core.exception.StepFailedException: Unable to click on object 'Object Repository/Object Help/list_supervisor_reviewer_help'
	at com.kms.katalon.core.webui.keyword.internal.WebUIKeywordMain.stepFailed(WebUIKeywordMain.groovy:64)
	at com.kms.katalon.core.webui.keyword.internal.WebUIKeywordMain.runKeyword(WebUIKeywordMain.groovy:26)
	at com.kms.katalon.core.webui.keyword.builtin.ClickKeyword.click(ClickKeyword.groovy:74)
	at com.kms.katalon.core.webui.keyword.builtin.ClickKeyword.execute(ClickKeyword.groovy:40)
	at com.kms.katalon.core.keyword.internal.KeywordExecutor.executeKeywordForPlatform(KeywordExecutor.groovy:74)
	at com.kms.katalon.core.webui.keyword.WebUiBuiltInKeywords.click(WebUiBuiltInKeywords.groovy:620)
	at com.kms.katalon.core.webui.keyword.WebUiBuiltInKeywords$click.call(Unknown Source)
	at TCMHC08 - User bisa membuka list Help Supervisor dan Reviewer pada halaman Help dam membuka beberapa list collapse help Supervisor dan Reviewer.run(TCMHC08 - User bisa membuka list Help Supervisor dan Reviewer pada halaman Help dam membuka beberapa list collapse help Supervisor dan Reviewer:22)
	at com.kms.katalon.core.main.ScriptEngine.run(ScriptEngine.java:194)
	at com.kms.katalon.core.main.ScriptEngine.runScriptAsRawText(ScriptEngine.java:119)
	at com.kms.katalon.core.main.TestCaseExecutor.runScript(TestCaseExecutor.java:448)
	at com.kms.katalon.core.main.TestCaseExecutor.doExecute(TestCaseExecutor.java:439)
	at com.kms.katalon.core.main.TestCaseExecutor.processExecutionPhase(TestCaseExecutor.java:418)
	at com.kms.katalon.core.main.TestCaseExecutor.accessMainPhase(TestCaseExecutor.java:410)
	at com.kms.katalon.core.main.TestCaseExecutor.execute(TestCaseExecutor.java:285)
	at com.kms.katalon.core.common.CommonExecutor.accessTestCaseMainPhase(CommonExecutor.java:65)
	at com.kms.katalon.core.main.TestSuiteExecutor.accessTestSuiteMainPhase(TestSuiteExecutor.java:148)
	at com.kms.katalon.core.main.TestSuiteExecutor.execute(TestSuiteExecutor.java:106)
	at com.kms.katalon.core.main.TestCaseMain.startTestSuite(TestCaseMain.java:187)
	at com.kms.katalon.core.main.TestCaseMain$startTestSuite$0.call(Unknown Source)
	at TempTestSuite1708674059623.run(TempTestSuite1708674059623.groovy:36)
Caused by: com.kms.katalon.core.webui.exception.WebElementNotFoundException: Web element with id: 'Object Repository/Object Help/list_supervisor_reviewer_help' located by '//*[@id = 'list-supervisor-reviewer-help']' not found
	at com.kms.katalon.core.webui.common.WebUiCommonHelper.findWebElement(WebUiCommonHelper.java:1381)
	at com.kms.katalon.core.webui.keyword.internal.WebUIAbstractKeyword.findWebElement(WebUIAbstractKeyword.groovy:27)
	at com.kms.katalon.core.webui.keyword.builtin.ClickKeyword$_click_closure1.doCall(ClickKeyword.groovy:65)
	at com.kms.katalon.core.webui.keyword.builtin.ClickKeyword$_click_closure1.call(ClickKeyword.groovy)
	at com.kms.katalon.core.webui.keyword.internal.WebUIKeywordMain.runKeyword(WebUIKeywordMain.groovy:20)
	at com.kms.katalon.core.webui.keyword.builtin.ClickKeyword.click(ClickKeyword.groovy:74)
	at com.kms.katalon.core.webui.keyword.builtin.ClickKeyword.execute(ClickKeyword.groovy:40)
	at com.kms.katalon.core.keyword.internal.KeywordExecutor.executeKeywordForPlatform(KeywordExecutor.groovy:74)
	at com.kms.katalon.core.webui.keyword.WebUiBuiltInKeywords.click(WebUiBuiltInKeywords.groovy:620)
	at com.kms.katalon.core.webui.keyword.WebUiBuiltInKeywords$click.call(Unknown Source)
	at Script1704678346540.run(Script1704678346540.groovy:22)
	... 13 more
)

2024-02-23 14:42:45 - [MESSAGE][INFO] - Unable to find the element located by 'By.xpath: //*[@id = 'list-supervisor-reviewer-help']'. Please recheck the objects properties to make sure the desired element is located. 

2024-02-23 14:42:45 - [MESSAGE][FAILED] - Unable to click on object 'Object Repository/Object Help/list_supervisor_reviewer_help' (Root cause: com.kms.katalon.core.exception.StepFailedException: Unable to click on object 'Object Repository/Object Help/list_supervisor_reviewer_help'
	at com.kms.katalon.core.webui.keyword.internal.WebUIKeywordMain.stepFailed(WebUIKeywordMain.groovy:64)
	at com.kms.katalon.core.webui.keyword.internal.WebUIKeywordMain.runKeyword(WebUIKeywordMain.groovy:26)
	at com.kms.katalon.core.webui.keyword.builtin.ClickKeyword.click(ClickKeyword.groovy:74)
	at com.kms.katalon.core.webui.keyword.builtin.ClickKeyword.execute(ClickKeyword.groovy:40)
	at com.kms.katalon.core.keyword.internal.KeywordExecutor.executeKeywordForPlatform(KeywordExecutor.groovy:74)
	at com.kms.katalon.core.webui.keyword.WebUiBuiltInKeywords.click(WebUiBuiltInKeywords.groovy:620)
	at com.kms.katalon.core.webui.keyword.WebUiBuiltInKeywords$click.call(Unknown Source)
	at TCMHC08 - User bisa membuka list Help Supervisor dan Reviewer pada halaman Help dam membuka beberapa list collapse help Supervisor dan Reviewer.run(TCMHC08 - User bisa membuka list Help Supervisor dan Reviewer pada halaman Help dam membuka beberapa list collapse help Supervisor dan Reviewer:22)
	at com.kms.katalon.core.main.ScriptEngine.run(ScriptEngine.java:194)
	at com.kms.katalon.core.main.ScriptEngine.runScriptAsRawText(ScriptEngine.java:119)
	at com.kms.katalon.core.main.TestCaseExecutor.runScript(TestCaseExecutor.java:448)
	at com.kms.katalon.core.main.TestCaseExecutor.doExecute(TestCaseExecutor.java:439)
	at com.kms.katalon.core.main.TestCaseExecutor.processExecutionPhase(TestCaseExecutor.java:418)
	at com.kms.katalon.core.main.TestCaseExecutor.accessMainPhase(TestCaseExecutor.java:410)
	at com.kms.katalon.core.main.TestCaseExecutor.execute(TestCaseExecutor.java:285)
	at com.kms.katalon.core.common.CommonExecutor.accessTestCaseMainPhase(CommonExecutor.java:65)
	at com.kms.katalon.core.main.TestSuiteExecutor.accessTestSuiteMainPhase(TestSuiteExecutor.java:148)
	at com.kms.katalon.core.main.TestSuiteExecutor.execute(TestSuiteExecutor.java:106)
	at com.kms.katalon.core.main.TestCaseMain.startTestSuite(TestCaseMain.java:187)
	at com.kms.katalon.core.main.TestCaseMain$startTestSuite$0.call(Unknown Source)
	at TempTestSuite1708674059623.run(TempTestSuite1708674059623.groovy:36)
Caused by: com.kms.katalon.core.webui.exception.WebElementNotFoundException: Web element with id: 'Object Repository/Object Help/list_supervisor_reviewer_help' located by '//*[@id = 'list-supervisor-reviewer-help']' not found
	at com.kms.katalon.core.webui.common.WebUiCommonHelper.findWebElement(WebUiCommonHelper.java:1381)
	at com.kms.katalon.core.webui.keyword.internal.WebUIAbstractKeyword.findWebElement(WebUIAbstractKeyword.groovy:27)
	at com.kms.katalon.core.webui.keyword.builtin.ClickKeyword$_click_closure1.doCall(ClickKeyword.groovy:65)
	at com.kms.katalon.core.webui.keyword.builtin.ClickKeyword$_click_closure1.call(ClickKeyword.groovy)
	at com.kms.katalon.core.webui.keyword.internal.WebUIKeywordMain.runKeyword(WebUIKeywordMain.groovy:20)
	at com.kms.katalon.core.webui.keyword.builtin.ClickKeyword.click(ClickKeyword.groovy:74)
	at com.kms.katalon.core.webui.keyword.builtin.ClickKeyword.execute(ClickKeyword.groovy:40)
	at com.kms.katalon.core.keyword.internal.KeywordExecutor.executeKeywordForPlatform(KeywordExecutor.groovy:74)
	at com.kms.katalon.core.webui.keyword.WebUiBuiltInKeywords.click(WebUiBuiltInKeywords.groovy:620)
	at com.kms.katalon.core.webui.keyword.WebUiBuiltInKeywords$click.call(Unknown Source)
	at Script1704678346540.run(Script1704678346540.groovy:22)
	... 13 more
)
[[ATTACHMENT|C:\\Users\\User\\git\\moleawiz_web_katalon_automation\\Reports\\20240223_144059\\MoLeaWiz\\Help Center\\Positive Case\\Scenario Postive Case - Help\\20240223_144059\\1708674165716.png]]]]></system-out>
         <system-err><![CDATA[2024-02-23 14:42:12 - [TEST_CASE][FAILED] - Test Cases/MoLeaWiz/Help/Positive Case/TCMHC08 - User bisa membuka list Help Supervisor dan Reviewer pada halaman Help dam membuka beberapa list collapse help Supervisor dan Reviewer: Test Cases/MoLeaWiz/Help/Positive Case/TCMHC08 - User bisa membuka list Help Supervisor dan Reviewer pada halaman Help dam membuka beberapa list collapse help Supervisor dan Reviewer FAILED.
Reason:
com.kms.katalon.core.exception.StepFailedException: Unable to click on object 'Object Repository/Object Help/list_supervisor_reviewer_help'
	at com.kms.katalon.core.webui.keyword.internal.WebUIKeywordMain.stepFailed(WebUIKeywordMain.groovy:64)
	at com.kms.katalon.core.webui.keyword.internal.WebUIKeywordMain.runKeyword(WebUIKeywordMain.groovy:26)
	at com.kms.katalon.core.webui.keyword.builtin.ClickKeyword.click(ClickKeyword.groovy:74)
	at com.kms.katalon.core.webui.keyword.builtin.ClickKeyword.execute(ClickKeyword.groovy:40)
	at com.kms.katalon.core.keyword.internal.KeywordExecutor.executeKeywordForPlatform(KeywordExecutor.groovy:74)
	at com.kms.katalon.core.webui.keyword.WebUiBuiltInKeywords.click(WebUiBuiltInKeywords.groovy:620)
	at com.kms.katalon.core.webui.keyword.WebUiBuiltInKeywords$click.call(Unknown Source)
	at TCMHC08 - User bisa membuka list Help Supervisor dan Reviewer pada halaman Help dam membuka beberapa list collapse help Supervisor dan Reviewer.run(TCMHC08 - User bisa membuka list Help Supervisor dan Reviewer pada halaman Help dam membuka beberapa list collapse help Supervisor dan Reviewer:22)
	at com.kms.katalon.core.main.ScriptEngine.run(ScriptEngine.java:194)
	at com.kms.katalon.core.main.ScriptEngine.runScriptAsRawText(ScriptEngine.java:119)
	at com.kms.katalon.core.main.TestCaseExecutor.runScript(TestCaseExecutor.java:448)
	at com.kms.katalon.core.main.TestCaseExecutor.doExecute(TestCaseExecutor.java:439)
	at com.kms.katalon.core.main.TestCaseExecutor.processExecutionPhase(TestCaseExecutor.java:418)
	at com.kms.katalon.core.main.TestCaseExecutor.accessMainPhase(TestCaseExecutor.java:410)
	at com.kms.katalon.core.main.TestCaseExecutor.execute(TestCaseExecutor.java:285)
	at com.kms.katalon.core.common.CommonExecutor.accessTestCaseMainPhase(CommonExecutor.java:65)
	at com.kms.katalon.core.main.TestSuiteExecutor.accessTestSuiteMainPhase(TestSuiteExecutor.java:148)
	at com.kms.katalon.core.main.TestSuiteExecutor.execute(TestSuiteExecutor.java:106)
	at com.kms.katalon.core.main.TestCaseMain.startTestSuite(TestCaseMain.java:187)
	at com.kms.katalon.core.main.TestCaseMain$startTestSuite$0.call(Unknown Source)
	at TempTestSuite1708674059623.run(TempTestSuite1708674059623.groovy:36)
Caused by: com.kms.katalon.core.webui.exception.WebElementNotFoundException: Web element with id: 'Object Repository/Object Help/list_supervisor_reviewer_help' located by '//*[@id = 'list-supervisor-reviewer-help']' not found
	at com.kms.katalon.core.webui.common.WebUiCommonHelper.findWebElement(WebUiCommonHelper.java:1381)
	at com.kms.katalon.core.webui.keyword.internal.WebUIAbstractKeyword.findWebElement(WebUIAbstractKeyword.groovy:27)
	at com.kms.katalon.core.webui.keyword.builtin.ClickKeyword$_click_closure1.doCall(ClickKeyword.groovy:65)
	at com.kms.katalon.core.webui.keyword.builtin.ClickKeyword$_click_closure1.call(ClickKeyword.groovy)
	at com.kms.katalon.core.webui.keyword.internal.WebUIKeywordMain.runKeyword(WebUIKeywordMain.groovy:20)
	... 19 more]]></system-err>
      </testcase>
      <testcase name="Test Cases/MoLeaWiz/Help/Positive Case/TCMHC09 - User bisa membuka list Help Account Data dan Security pada halaman Help dam membuka beberapa list collapse help Account Data dan Security" time="32.599" classname="Test Cases/MoLeaWiz/Help/Positive Case/TCMHC09 - User bisa membuka list Help Account Data dan Security pada halaman Help dam membuka beberapa list collapse help Account Data dan Security" status="FAILED">
         <failure type="FAILED" message="Test Cases/MoLeaWiz/Help/Positive Case/TCMHC09 - User bisa membuka list Help Account Data dan Security pada halaman Help dam membuka beberapa list collapse help Account Data dan Security FAILED.
Reason:
com.kms.katalon.core.exception.StepFailedException: Unable to click on object 'Object Repository/Object Help/list_supervisor_reviewer_help'
	at com.kms.katalon.core.webui.keyword.internal.WebUIKeywordMain.stepFailed(WebUIKeywordMain.groovy:64)
	at com.kms.katalon.core.webui.keyword.internal.WebUIKeywordMain.runKeyword(WebUIKeywordMain.groovy:26)
	at com.kms.katalon.core.webui.keyword.builtin.ClickKeyword.click(ClickKeyword.groovy:74)
	at com.kms.katalon.core.webui.keyword.builtin.ClickKeyword.execute(ClickKeyword.groovy:40)
	at com.kms.katalon.core.keyword.internal.KeywordExecutor.executeKeywordForPlatform(KeywordExecutor.groovy:74)
	at com.kms.katalon.core.webui.keyword.WebUiBuiltInKeywords.click(WebUiBuiltInKeywords.groovy:620)
	at com.kms.katalon.core.webui.keyword.WebUiBuiltInKeywords$click.call(Unknown Source)
	at TCMHC09 - User bisa membuka list Help Account Data dan Security pada halaman Help dam membuka beberapa list collapse help Account Data dan Security.run(TCMHC09 - User bisa membuka list Help Account Data dan Security pada halaman Help dam membuka beberapa list collapse help Account Data dan Security:22)
	at com.kms.katalon.core.main.ScriptEngine.run(ScriptEngine.java:194)
	at com.kms.katalon.core.main.ScriptEngine.runScriptAsRawText(ScriptEngine.java:119)
	at com.kms.katalon.core.main.TestCaseExecutor.runScript(TestCaseExecutor.java:448)
	at com.kms.katalon.core.main.TestCaseExecutor.doExecute(TestCaseExecutor.java:439)
	at com.kms.katalon.core.main.TestCaseExecutor.processExecutionPhase(TestCaseExecutor.java:418)
	at com.kms.katalon.core.main.TestCaseExecutor.accessMainPhase(TestCaseExecutor.java:410)
	at com.kms.katalon.core.main.TestCaseExecutor.execute(TestCaseExecutor.java:285)
	at com.kms.katalon.core.common.CommonExecutor.accessTestCaseMainPhase(CommonExecutor.java:65)
	at com.kms.katalon.core.main.TestSuiteExecutor.accessTestSuiteMainPhase(TestSuiteExecutor.java:148)
	at com.kms.katalon.core.main.TestSuiteExecutor.execute(TestSuiteExecutor.java:106)
	at com.kms.katalon.core.main.TestCaseMain.startTestSuite(TestCaseMain.java:187)
	at com.kms.katalon.core.main.TestCaseMain$startTestSuite$0.call(Unknown Source)
	at TempTestSuite1708674059623.run(TempTestSuite1708674059623.groovy:36)
Caused by: com.kms.katalon.core.webui.exception.WebElementNotFoundException: Web element with id: 'Object Repository/Object Help/list_supervisor_reviewer_help' located by '//*[@id = 'list-supervisor-reviewer-help']' not found
	at com.kms.katalon.core.webui.common.WebUiCommonHelper.findWebElement(WebUiCommonHelper.java:1381)
	at com.kms.katalon.core.webui.keyword.internal.WebUIAbstractKeyword.findWebElement(WebUIAbstractKeyword.groovy:27)
	at com.kms.katalon.core.webui.keyword.builtin.ClickKeyword$_click_closure1.doCall(ClickKeyword.groovy:65)
	at com.kms.katalon.core.webui.keyword.builtin.ClickKeyword$_click_closure1.call(ClickKeyword.groovy)
	at com.kms.katalon.core.webui.keyword.internal.WebUIKeywordMain.runKeyword(WebUIKeywordMain.groovy:20)
	... 19 more
"/>
         <system-out><![CDATA[2024-02-23 14:42:45 - [TEST_CASE][FAILED] - Test Cases/MoLeaWiz/Help/Positive Case/TCMHC09 - User bisa membuka list Help Account Data dan Security pada halaman Help dam membuka beberapa list collapse help Account Data dan Security: Test Cases/MoLeaWiz/Help/Positive Case/TCMHC09 - User bisa membuka list Help Account Data dan Security pada halaman Help dam membuka beberapa list collapse help Account Data dan Security FAILED.
Reason:
com.kms.katalon.core.exception.StepFailedException: Unable to click on object 'Object Repository/Object Help/list_supervisor_reviewer_help'
	at com.kms.katalon.core.webui.keyword.internal.WebUIKeywordMain.stepFailed(WebUIKeywordMain.groovy:64)
	at com.kms.katalon.core.webui.keyword.internal.WebUIKeywordMain.runKeyword(WebUIKeywordMain.groovy:26)
	at com.kms.katalon.core.webui.keyword.builtin.ClickKeyword.click(ClickKeyword.groovy:74)
	at com.kms.katalon.core.webui.keyword.builtin.ClickKeyword.execute(ClickKeyword.groovy:40)
	at com.kms.katalon.core.keyword.internal.KeywordExecutor.executeKeywordForPlatform(KeywordExecutor.groovy:74)
	at com.kms.katalon.core.webui.keyword.WebUiBuiltInKeywords.click(WebUiBuiltInKeywords.groovy:620)
	at com.kms.katalon.core.webui.keyword.WebUiBuiltInKeywords$click.call(Unknown Source)
	at TCMHC09 - User bisa membuka list Help Account Data dan Security pada halaman Help dam membuka beberapa list collapse help Account Data dan Security.run(TCMHC09 - User bisa membuka list Help Account Data dan Security pada halaman Help dam membuka beberapa list collapse help Account Data dan Security:22)
	at com.kms.katalon.core.main.ScriptEngine.run(ScriptEngine.java:194)
	at com.kms.katalon.core.main.ScriptEngine.runScriptAsRawText(ScriptEngine.java:119)
	at com.kms.katalon.core.main.TestCaseExecutor.runScript(TestCaseExecutor.java:448)
	at com.kms.katalon.core.main.TestCaseExecutor.doExecute(TestCaseExecutor.java:439)
	at com.kms.katalon.core.main.TestCaseExecutor.processExecutionPhase(TestCaseExecutor.java:418)
	at com.kms.katalon.core.main.TestCaseExecutor.accessMainPhase(TestCaseExecutor.java:410)
	at com.kms.katalon.core.main.TestCaseExecutor.execute(TestCaseExecutor.java:285)
	at com.kms.katalon.core.common.CommonExecutor.accessTestCaseMainPhase(CommonExecutor.java:65)
	at com.kms.katalon.core.main.TestSuiteExecutor.accessTestSuiteMainPhase(TestSuiteExecutor.java:148)
	at com.kms.katalon.core.main.TestSuiteExecutor.execute(TestSuiteExecutor.java:106)
	at com.kms.katalon.core.main.TestCaseMain.startTestSuite(TestCaseMain.java:187)
	at com.kms.katalon.core.main.TestCaseMain$startTestSuite$0.call(Unknown Source)
	at TempTestSuite1708674059623.run(TempTestSuite1708674059623.groovy:36)
Caused by: com.kms.katalon.core.webui.exception.WebElementNotFoundException: Web element with id: 'Object Repository/Object Help/list_supervisor_reviewer_help' located by '//*[@id = 'list-supervisor-reviewer-help']' not found
	at com.kms.katalon.core.webui.common.WebUiCommonHelper.findWebElement(WebUiCommonHelper.java:1381)
	at com.kms.katalon.core.webui.keyword.internal.WebUIAbstractKeyword.findWebElement(WebUIAbstractKeyword.groovy:27)
	at com.kms.katalon.core.webui.keyword.builtin.ClickKeyword$_click_closure1.doCall(ClickKeyword.groovy:65)
	at com.kms.katalon.core.webui.keyword.builtin.ClickKeyword$_click_closure1.call(ClickKeyword.groovy)
	at com.kms.katalon.core.webui.keyword.internal.WebUIKeywordMain.runKeyword(WebUIKeywordMain.groovy:20)
	... 19 more


2024-02-23 14:42:46 - [TEST_STEP][PASSED] - click(findTestObject("Object Menu/btn_Help_Menu")): Object: 'Object Repository/Object Menu/btn_Help_Menu' is clicked on

2024-02-23 14:42:47 - [MESSAGE][PASSED] - Object: 'Object Repository/Object Menu/btn_Help_Menu' is clicked on

2024-02-23 14:42:47 - [TEST_STEP][FAILED] - click(findTestObject("Object Help/list_supervisor_reviewer_help")): Unable to click on object 'Object Repository/Object Help/list_supervisor_reviewer_help' (Root cause: com.kms.katalon.core.exception.StepFailedException: Unable to click on object 'Object Repository/Object Help/list_supervisor_reviewer_help'
	at com.kms.katalon.core.webui.keyword.internal.WebUIKeywordMain.stepFailed(WebUIKeywordMain.groovy:64)
	at com.kms.katalon.core.webui.keyword.internal.WebUIKeywordMain.runKeyword(WebUIKeywordMain.groovy:26)
	at com.kms.katalon.core.webui.keyword.builtin.ClickKeyword.click(ClickKeyword.groovy:74)
	at com.kms.katalon.core.webui.keyword.builtin.ClickKeyword.execute(ClickKeyword.groovy:40)
	at com.kms.katalon.core.keyword.internal.KeywordExecutor.executeKeywordForPlatform(KeywordExecutor.groovy:74)
	at com.kms.katalon.core.webui.keyword.WebUiBuiltInKeywords.click(WebUiBuiltInKeywords.groovy:620)
	at com.kms.katalon.core.webui.keyword.WebUiBuiltInKeywords$click.call(Unknown Source)
	at TCMHC09 - User bisa membuka list Help Account Data dan Security pada halaman Help dam membuka beberapa list collapse help Account Data dan Security.run(TCMHC09 - User bisa membuka list Help Account Data dan Security pada halaman Help dam membuka beberapa list collapse help Account Data dan Security:22)
	at com.kms.katalon.core.main.ScriptEngine.run(ScriptEngine.java:194)
	at com.kms.katalon.core.main.ScriptEngine.runScriptAsRawText(ScriptEngine.java:119)
	at com.kms.katalon.core.main.TestCaseExecutor.runScript(TestCaseExecutor.java:448)
	at com.kms.katalon.core.main.TestCaseExecutor.doExecute(TestCaseExecutor.java:439)
	at com.kms.katalon.core.main.TestCaseExecutor.processExecutionPhase(TestCaseExecutor.java:418)
	at com.kms.katalon.core.main.TestCaseExecutor.accessMainPhase(TestCaseExecutor.java:410)
	at com.kms.katalon.core.main.TestCaseExecutor.execute(TestCaseExecutor.java:285)
	at com.kms.katalon.core.common.CommonExecutor.accessTestCaseMainPhase(CommonExecutor.java:65)
	at com.kms.katalon.core.main.TestSuiteExecutor.accessTestSuiteMainPhase(TestSuiteExecutor.java:148)
	at com.kms.katalon.core.main.TestSuiteExecutor.execute(TestSuiteExecutor.java:106)
	at com.kms.katalon.core.main.TestCaseMain.startTestSuite(TestCaseMain.java:187)
	at com.kms.katalon.core.main.TestCaseMain$startTestSuite$0.call(Unknown Source)
	at TempTestSuite1708674059623.run(TempTestSuite1708674059623.groovy:36)
Caused by: com.kms.katalon.core.webui.exception.WebElementNotFoundException: Web element with id: 'Object Repository/Object Help/list_supervisor_reviewer_help' located by '//*[@id = 'list-supervisor-reviewer-help']' not found
	at com.kms.katalon.core.webui.common.WebUiCommonHelper.findWebElement(WebUiCommonHelper.java:1381)
	at com.kms.katalon.core.webui.keyword.internal.WebUIAbstractKeyword.findWebElement(WebUIAbstractKeyword.groovy:27)
	at com.kms.katalon.core.webui.keyword.builtin.ClickKeyword$_click_closure1.doCall(ClickKeyword.groovy:65)
	at com.kms.katalon.core.webui.keyword.builtin.ClickKeyword$_click_closure1.call(ClickKeyword.groovy)
	at com.kms.katalon.core.webui.keyword.internal.WebUIKeywordMain.runKeyword(WebUIKeywordMain.groovy:20)
	at com.kms.katalon.core.webui.keyword.builtin.ClickKeyword.click(ClickKeyword.groovy:74)
	at com.kms.katalon.core.webui.keyword.builtin.ClickKeyword.execute(ClickKeyword.groovy:40)
	at com.kms.katalon.core.keyword.internal.KeywordExecutor.executeKeywordForPlatform(KeywordExecutor.groovy:74)
	at com.kms.katalon.core.webui.keyword.WebUiBuiltInKeywords.click(WebUiBuiltInKeywords.groovy:620)
	at com.kms.katalon.core.webui.keyword.WebUiBuiltInKeywords$click.call(Unknown Source)
	at Script1704678358232.run(Script1704678358232.groovy:22)
	... 13 more
)

2024-02-23 14:43:18 - [MESSAGE][INFO] - Unable to find the element located by 'By.xpath: //*[@id = 'list-supervisor-reviewer-help']'. Please recheck the objects properties to make sure the desired element is located. 

2024-02-23 14:43:18 - [MESSAGE][FAILED] - Unable to click on object 'Object Repository/Object Help/list_supervisor_reviewer_help' (Root cause: com.kms.katalon.core.exception.StepFailedException: Unable to click on object 'Object Repository/Object Help/list_supervisor_reviewer_help'
	at com.kms.katalon.core.webui.keyword.internal.WebUIKeywordMain.stepFailed(WebUIKeywordMain.groovy:64)
	at com.kms.katalon.core.webui.keyword.internal.WebUIKeywordMain.runKeyword(WebUIKeywordMain.groovy:26)
	at com.kms.katalon.core.webui.keyword.builtin.ClickKeyword.click(ClickKeyword.groovy:74)
	at com.kms.katalon.core.webui.keyword.builtin.ClickKeyword.execute(ClickKeyword.groovy:40)
	at com.kms.katalon.core.keyword.internal.KeywordExecutor.executeKeywordForPlatform(KeywordExecutor.groovy:74)
	at com.kms.katalon.core.webui.keyword.WebUiBuiltInKeywords.click(WebUiBuiltInKeywords.groovy:620)
	at com.kms.katalon.core.webui.keyword.WebUiBuiltInKeywords$click.call(Unknown Source)
	at TCMHC09 - User bisa membuka list Help Account Data dan Security pada halaman Help dam membuka beberapa list collapse help Account Data dan Security.run(TCMHC09 - User bisa membuka list Help Account Data dan Security pada halaman Help dam membuka beberapa list collapse help Account Data dan Security:22)
	at com.kms.katalon.core.main.ScriptEngine.run(ScriptEngine.java:194)
	at com.kms.katalon.core.main.ScriptEngine.runScriptAsRawText(ScriptEngine.java:119)
	at com.kms.katalon.core.main.TestCaseExecutor.runScript(TestCaseExecutor.java:448)
	at com.kms.katalon.core.main.TestCaseExecutor.doExecute(TestCaseExecutor.java:439)
	at com.kms.katalon.core.main.TestCaseExecutor.processExecutionPhase(TestCaseExecutor.java:418)
	at com.kms.katalon.core.main.TestCaseExecutor.accessMainPhase(TestCaseExecutor.java:410)
	at com.kms.katalon.core.main.TestCaseExecutor.execute(TestCaseExecutor.java:285)
	at com.kms.katalon.core.common.CommonExecutor.accessTestCaseMainPhase(CommonExecutor.java:65)
	at com.kms.katalon.core.main.TestSuiteExecutor.accessTestSuiteMainPhase(TestSuiteExecutor.java:148)
	at com.kms.katalon.core.main.TestSuiteExecutor.execute(TestSuiteExecutor.java:106)
	at com.kms.katalon.core.main.TestCaseMain.startTestSuite(TestCaseMain.java:187)
	at com.kms.katalon.core.main.TestCaseMain$startTestSuite$0.call(Unknown Source)
	at TempTestSuite1708674059623.run(TempTestSuite1708674059623.groovy:36)
Caused by: com.kms.katalon.core.webui.exception.WebElementNotFoundException: Web element with id: 'Object Repository/Object Help/list_supervisor_reviewer_help' located by '//*[@id = 'list-supervisor-reviewer-help']' not found
	at com.kms.katalon.core.webui.common.WebUiCommonHelper.findWebElement(WebUiCommonHelper.java:1381)
	at com.kms.katalon.core.webui.keyword.internal.WebUIAbstractKeyword.findWebElement(WebUIAbstractKeyword.groovy:27)
	at com.kms.katalon.core.webui.keyword.builtin.ClickKeyword$_click_closure1.doCall(ClickKeyword.groovy:65)
	at com.kms.katalon.core.webui.keyword.builtin.ClickKeyword$_click_closure1.call(ClickKeyword.groovy)
	at com.kms.katalon.core.webui.keyword.internal.WebUIKeywordMain.runKeyword(WebUIKeywordMain.groovy:20)
	at com.kms.katalon.core.webui.keyword.builtin.ClickKeyword.click(ClickKeyword.groovy:74)
	at com.kms.katalon.core.webui.keyword.builtin.ClickKeyword.execute(ClickKeyword.groovy:40)
	at com.kms.katalon.core.keyword.internal.KeywordExecutor.executeKeywordForPlatform(KeywordExecutor.groovy:74)
	at com.kms.katalon.core.webui.keyword.WebUiBuiltInKeywords.click(WebUiBuiltInKeywords.groovy:620)
	at com.kms.katalon.core.webui.keyword.WebUiBuiltInKeywords$click.call(Unknown Source)
	at Script1704678358232.run(Script1704678358232.groovy:22)
	... 13 more
)
[[ATTACHMENT|C:\\Users\\User\\git\\moleawiz_web_katalon_automation\\Reports\\20240223_144059\\MoLeaWiz\\Help Center\\Positive Case\\Scenario Postive Case - Help\\20240223_144059\\1708674198341.png]]]]></system-out>
         <system-err><![CDATA[2024-02-23 14:42:45 - [TEST_CASE][FAILED] - Test Cases/MoLeaWiz/Help/Positive Case/TCMHC09 - User bisa membuka list Help Account Data dan Security pada halaman Help dam membuka beberapa list collapse help Account Data dan Security: Test Cases/MoLeaWiz/Help/Positive Case/TCMHC09 - User bisa membuka list Help Account Data dan Security pada halaman Help dam membuka beberapa list collapse help Account Data dan Security FAILED.
Reason:
com.kms.katalon.core.exception.StepFailedException: Unable to click on object 'Object Repository/Object Help/list_supervisor_reviewer_help'
	at com.kms.katalon.core.webui.keyword.internal.WebUIKeywordMain.stepFailed(WebUIKeywordMain.groovy:64)
	at com.kms.katalon.core.webui.keyword.internal.WebUIKeywordMain.runKeyword(WebUIKeywordMain.groovy:26)
	at com.kms.katalon.core.webui.keyword.builtin.ClickKeyword.click(ClickKeyword.groovy:74)
	at com.kms.katalon.core.webui.keyword.builtin.ClickKeyword.execute(ClickKeyword.groovy:40)
	at com.kms.katalon.core.keyword.internal.KeywordExecutor.executeKeywordForPlatform(KeywordExecutor.groovy:74)
	at com.kms.katalon.core.webui.keyword.WebUiBuiltInKeywords.click(WebUiBuiltInKeywords.groovy:620)
	at com.kms.katalon.core.webui.keyword.WebUiBuiltInKeywords$click.call(Unknown Source)
	at TCMHC09 - User bisa membuka list Help Account Data dan Security pada halaman Help dam membuka beberapa list collapse help Account Data dan Security.run(TCMHC09 - User bisa membuka list Help Account Data dan Security pada halaman Help dam membuka beberapa list collapse help Account Data dan Security:22)
	at com.kms.katalon.core.main.ScriptEngine.run(ScriptEngine.java:194)
	at com.kms.katalon.core.main.ScriptEngine.runScriptAsRawText(ScriptEngine.java:119)
	at com.kms.katalon.core.main.TestCaseExecutor.runScript(TestCaseExecutor.java:448)
	at com.kms.katalon.core.main.TestCaseExecutor.doExecute(TestCaseExecutor.java:439)
	at com.kms.katalon.core.main.TestCaseExecutor.processExecutionPhase(TestCaseExecutor.java:418)
	at com.kms.katalon.core.main.TestCaseExecutor.accessMainPhase(TestCaseExecutor.java:410)
	at com.kms.katalon.core.main.TestCaseExecutor.execute(TestCaseExecutor.java:285)
	at com.kms.katalon.core.common.CommonExecutor.accessTestCaseMainPhase(CommonExecutor.java:65)
	at com.kms.katalon.core.main.TestSuiteExecutor.accessTestSuiteMainPhase(TestSuiteExecutor.java:148)
	at com.kms.katalon.core.main.TestSuiteExecutor.execute(TestSuiteExecutor.java:106)
	at com.kms.katalon.core.main.TestCaseMain.startTestSuite(TestCaseMain.java:187)
	at com.kms.katalon.core.main.TestCaseMain$startTestSuite$0.call(Unknown Source)
	at TempTestSuite1708674059623.run(TempTestSuite1708674059623.groovy:36)
Caused by: com.kms.katalon.core.webui.exception.WebElementNotFoundException: Web element with id: 'Object Repository/Object Help/list_supervisor_reviewer_help' located by '//*[@id = 'list-supervisor-reviewer-help']' not found
	at com.kms.katalon.core.webui.common.WebUiCommonHelper.findWebElement(WebUiCommonHelper.java:1381)
	at com.kms.katalon.core.webui.keyword.internal.WebUIAbstractKeyword.findWebElement(WebUIAbstractKeyword.groovy:27)
	at com.kms.katalon.core.webui.keyword.builtin.ClickKeyword$_click_closure1.doCall(ClickKeyword.groovy:65)
	at com.kms.katalon.core.webui.keyword.builtin.ClickKeyword$_click_closure1.call(ClickKeyword.groovy)
	at com.kms.katalon.core.webui.keyword.internal.WebUIKeywordMain.runKeyword(WebUIKeywordMain.groovy:20)
	... 19 more]]></system-err>
      </testcase>
      <testcase name="Test Cases/MoLeaWiz/Help/Positive Case/TCMHC10 - User bisa membuka list Help Other pada halaman Help dam membuka beberapa list collapse help Other" time="33.948" classname="Test Cases/MoLeaWiz/Help/Positive Case/TCMHC10 - User bisa membuka list Help Other pada halaman Help dam membuka beberapa list collapse help Other" status="FAILED">
         <failure type="FAILED" message="Test Cases/MoLeaWiz/Help/Positive Case/TCMHC10 - User bisa membuka list Help Other pada halaman Help dam membuka beberapa list collapse help Other FAILED.
Reason:
com.kms.katalon.core.exception.StepFailedException: Unable to click on object 'Object Repository/Object Help/list_other_help'
	at com.kms.katalon.core.webui.keyword.internal.WebUIKeywordMain.stepFailed(WebUIKeywordMain.groovy:64)
	at com.kms.katalon.core.webui.keyword.internal.WebUIKeywordMain.runKeyword(WebUIKeywordMain.groovy:26)
	at com.kms.katalon.core.webui.keyword.builtin.ClickKeyword.click(ClickKeyword.groovy:74)
	at com.kms.katalon.core.webui.keyword.builtin.ClickKeyword.execute(ClickKeyword.groovy:40)
	at com.kms.katalon.core.keyword.internal.KeywordExecutor.executeKeywordForPlatform(KeywordExecutor.groovy:74)
	at com.kms.katalon.core.webui.keyword.WebUiBuiltInKeywords.click(WebUiBuiltInKeywords.groovy:620)
	at com.kms.katalon.core.webui.keyword.WebUiBuiltInKeywords$click.call(Unknown Source)
	at TCMHC10 - User bisa membuka list Help Other pada halaman Help dam membuka beberapa list collapse help Other.run(TCMHC10 - User bisa membuka list Help Other pada halaman Help dam membuka beberapa list collapse help Other:22)
	at com.kms.katalon.core.main.ScriptEngine.run(ScriptEngine.java:194)
	at com.kms.katalon.core.main.ScriptEngine.runScriptAsRawText(ScriptEngine.java:119)
	at com.kms.katalon.core.main.TestCaseExecutor.runScript(TestCaseExecutor.java:448)
	at com.kms.katalon.core.main.TestCaseExecutor.doExecute(TestCaseExecutor.java:439)
	at com.kms.katalon.core.main.TestCaseExecutor.processExecutionPhase(TestCaseExecutor.java:418)
	at com.kms.katalon.core.main.TestCaseExecutor.accessMainPhase(TestCaseExecutor.java:410)
	at com.kms.katalon.core.main.TestCaseExecutor.execute(TestCaseExecutor.java:285)
	at com.kms.katalon.core.common.CommonExecutor.accessTestCaseMainPhase(CommonExecutor.java:65)
	at com.kms.katalon.core.main.TestSuiteExecutor.accessTestSuiteMainPhase(TestSuiteExecutor.java:148)
	at com.kms.katalon.core.main.TestSuiteExecutor.execute(TestSuiteExecutor.java:106)
	at com.kms.katalon.core.main.TestCaseMain.startTestSuite(TestCaseMain.java:187)
	at com.kms.katalon.core.main.TestCaseMain$startTestSuite$0.call(Unknown Source)
	at TempTestSuite1708674059623.run(TempTestSuite1708674059623.groovy:36)
Caused by: com.kms.katalon.core.webui.exception.WebElementNotFoundException: Web element with id: 'Object Repository/Object Help/list_other_help' located by '//*[@id = 'list-other-help']' not found
	at com.kms.katalon.core.webui.common.WebUiCommonHelper.findWebElement(WebUiCommonHelper.java:1381)
	at com.kms.katalon.core.webui.keyword.internal.WebUIAbstractKeyword.findWebElement(WebUIAbstractKeyword.groovy:27)
	at com.kms.katalon.core.webui.keyword.builtin.ClickKeyword$_click_closure1.doCall(ClickKeyword.groovy:65)
	at com.kms.katalon.core.webui.keyword.builtin.ClickKeyword$_click_closure1.call(ClickKeyword.groovy)
	at com.kms.katalon.core.webui.keyword.internal.WebUIKeywordMain.runKeyword(WebUIKeywordMain.groovy:20)
	... 19 more
"/>
         <system-out><![CDATA[2024-02-23 14:43:18 - [TEST_CASE][FAILED] - Test Cases/MoLeaWiz/Help/Positive Case/TCMHC10 - User bisa membuka list Help Other pada halaman Help dam membuka beberapa list collapse help Other: Test Cases/MoLeaWiz/Help/Positive Case/TCMHC10 - User bisa membuka list Help Other pada halaman Help dam membuka beberapa list collapse help Other FAILED.
Reason:
com.kms.katalon.core.exception.StepFailedException: Unable to click on object 'Object Repository/Object Help/list_other_help'
	at com.kms.katalon.core.webui.keyword.internal.WebUIKeywordMain.stepFailed(WebUIKeywordMain.groovy:64)
	at com.kms.katalon.core.webui.keyword.internal.WebUIKeywordMain.runKeyword(WebUIKeywordMain.groovy:26)
	at com.kms.katalon.core.webui.keyword.builtin.ClickKeyword.click(ClickKeyword.groovy:74)
	at com.kms.katalon.core.webui.keyword.builtin.ClickKeyword.execute(ClickKeyword.groovy:40)
	at com.kms.katalon.core.keyword.internal.KeywordExecutor.executeKeywordForPlatform(KeywordExecutor.groovy:74)
	at com.kms.katalon.core.webui.keyword.WebUiBuiltInKeywords.click(WebUiBuiltInKeywords.groovy:620)
	at com.kms.katalon.core.webui.keyword.WebUiBuiltInKeywords$click.call(Unknown Source)
	at TCMHC10 - User bisa membuka list Help Other pada halaman Help dam membuka beberapa list collapse help Other.run(TCMHC10 - User bisa membuka list Help Other pada halaman Help dam membuka beberapa list collapse help Other:22)
	at com.kms.katalon.core.main.ScriptEngine.run(ScriptEngine.java:194)
	at com.kms.katalon.core.main.ScriptEngine.runScriptAsRawText(ScriptEngine.java:119)
	at com.kms.katalon.core.main.TestCaseExecutor.runScript(TestCaseExecutor.java:448)
	at com.kms.katalon.core.main.TestCaseExecutor.doExecute(TestCaseExecutor.java:439)
	at com.kms.katalon.core.main.TestCaseExecutor.processExecutionPhase(TestCaseExecutor.java:418)
	at com.kms.katalon.core.main.TestCaseExecutor.accessMainPhase(TestCaseExecutor.java:410)
	at com.kms.katalon.core.main.TestCaseExecutor.execute(TestCaseExecutor.java:285)
	at com.kms.katalon.core.common.CommonExecutor.accessTestCaseMainPhase(CommonExecutor.java:65)
	at com.kms.katalon.core.main.TestSuiteExecutor.accessTestSuiteMainPhase(TestSuiteExecutor.java:148)
	at com.kms.katalon.core.main.TestSuiteExecutor.execute(TestSuiteExecutor.java:106)
	at com.kms.katalon.core.main.TestCaseMain.startTestSuite(TestCaseMain.java:187)
	at com.kms.katalon.core.main.TestCaseMain$startTestSuite$0.call(Unknown Source)
	at TempTestSuite1708674059623.run(TempTestSuite1708674059623.groovy:36)
Caused by: com.kms.katalon.core.webui.exception.WebElementNotFoundException: Web element with id: 'Object Repository/Object Help/list_other_help' located by '//*[@id = 'list-other-help']' not found
	at com.kms.katalon.core.webui.common.WebUiCommonHelper.findWebElement(WebUiCommonHelper.java:1381)
	at com.kms.katalon.core.webui.keyword.internal.WebUIAbstractKeyword.findWebElement(WebUIAbstractKeyword.groovy:27)
	at com.kms.katalon.core.webui.keyword.builtin.ClickKeyword$_click_closure1.doCall(ClickKeyword.groovy:65)
	at com.kms.katalon.core.webui.keyword.builtin.ClickKeyword$_click_closure1.call(ClickKeyword.groovy)
	at com.kms.katalon.core.webui.keyword.internal.WebUIKeywordMain.runKeyword(WebUIKeywordMain.groovy:20)
	... 19 more


2024-02-23 14:43:19 - [TEST_STEP][PASSED] - click(findTestObject("Object Menu/btn_Help_Menu")): Object: 'Object Repository/Object Menu/btn_Help_Menu' is clicked on

2024-02-23 14:43:19 - [MESSAGE][PASSED] - Object: 'Object Repository/Object Menu/btn_Help_Menu' is clicked on

2024-02-23 14:43:19 - [TEST_STEP][FAILED] - click(findTestObject("Object Help/list_other_help")): Unable to click on object 'Object Repository/Object Help/list_other_help' (Root cause: com.kms.katalon.core.exception.StepFailedException: Unable to click on object 'Object Repository/Object Help/list_other_help'
	at com.kms.katalon.core.webui.keyword.internal.WebUIKeywordMain.stepFailed(WebUIKeywordMain.groovy:64)
	at com.kms.katalon.core.webui.keyword.internal.WebUIKeywordMain.runKeyword(WebUIKeywordMain.groovy:26)
	at com.kms.katalon.core.webui.keyword.builtin.ClickKeyword.click(ClickKeyword.groovy:74)
	at com.kms.katalon.core.webui.keyword.builtin.ClickKeyword.execute(ClickKeyword.groovy:40)
	at com.kms.katalon.core.keyword.internal.KeywordExecutor.executeKeywordForPlatform(KeywordExecutor.groovy:74)
	at com.kms.katalon.core.webui.keyword.WebUiBuiltInKeywords.click(WebUiBuiltInKeywords.groovy:620)
	at com.kms.katalon.core.webui.keyword.WebUiBuiltInKeywords$click.call(Unknown Source)
	at TCMHC10 - User bisa membuka list Help Other pada halaman Help dam membuka beberapa list collapse help Other.run(TCMHC10 - User bisa membuka list Help Other pada halaman Help dam membuka beberapa list collapse help Other:22)
	at com.kms.katalon.core.main.ScriptEngine.run(ScriptEngine.java:194)
	at com.kms.katalon.core.main.ScriptEngine.runScriptAsRawText(ScriptEngine.java:119)
	at com.kms.katalon.core.main.TestCaseExecutor.runScript(TestCaseExecutor.java:448)
	at com.kms.katalon.core.main.TestCaseExecutor.doExecute(TestCaseExecutor.java:439)
	at com.kms.katalon.core.main.TestCaseExecutor.processExecutionPhase(TestCaseExecutor.java:418)
	at com.kms.katalon.core.main.TestCaseExecutor.accessMainPhase(TestCaseExecutor.java:410)
	at com.kms.katalon.core.main.TestCaseExecutor.execute(TestCaseExecutor.java:285)
	at com.kms.katalon.core.common.CommonExecutor.accessTestCaseMainPhase(CommonExecutor.java:65)
	at com.kms.katalon.core.main.TestSuiteExecutor.accessTestSuiteMainPhase(TestSuiteExecutor.java:148)
	at com.kms.katalon.core.main.TestSuiteExecutor.execute(TestSuiteExecutor.java:106)
	at com.kms.katalon.core.main.TestCaseMain.startTestSuite(TestCaseMain.java:187)
	at com.kms.katalon.core.main.TestCaseMain$startTestSuite$0.call(Unknown Source)
	at TempTestSuite1708674059623.run(TempTestSuite1708674059623.groovy:36)
Caused by: com.kms.katalon.core.webui.exception.WebElementNotFoundException: Web element with id: 'Object Repository/Object Help/list_other_help' located by '//*[@id = 'list-other-help']' not found
	at com.kms.katalon.core.webui.common.WebUiCommonHelper.findWebElement(WebUiCommonHelper.java:1381)
	at com.kms.katalon.core.webui.keyword.internal.WebUIAbstractKeyword.findWebElement(WebUIAbstractKeyword.groovy:27)
	at com.kms.katalon.core.webui.keyword.builtin.ClickKeyword$_click_closure1.doCall(ClickKeyword.groovy:65)
	at com.kms.katalon.core.webui.keyword.builtin.ClickKeyword$_click_closure1.call(ClickKeyword.groovy)
	at com.kms.katalon.core.webui.keyword.internal.WebUIKeywordMain.runKeyword(WebUIKeywordMain.groovy:20)
	at com.kms.katalon.core.webui.keyword.builtin.ClickKeyword.click(ClickKeyword.groovy:74)
	at com.kms.katalon.core.webui.keyword.builtin.ClickKeyword.execute(ClickKeyword.groovy:40)
	at com.kms.katalon.core.keyword.internal.KeywordExecutor.executeKeywordForPlatform(KeywordExecutor.groovy:74)
	at com.kms.katalon.core.webui.keyword.WebUiBuiltInKeywords.click(WebUiBuiltInKeywords.groovy:620)
	at com.kms.katalon.core.webui.keyword.WebUiBuiltInKeywords$click.call(Unknown Source)
	at Script1704678365300.run(Script1704678365300.groovy:22)
	... 13 more
)

2024-02-23 14:43:51 - [MESSAGE][INFO] - Unable to find the element located by 'By.xpath: //*[@id = 'list-other-help']'. Please recheck the objects properties to make sure the desired element is located. 

2024-02-23 14:43:52 - [MESSAGE][FAILED] - Unable to click on object 'Object Repository/Object Help/list_other_help' (Root cause: com.kms.katalon.core.exception.StepFailedException: Unable to click on object 'Object Repository/Object Help/list_other_help'
	at com.kms.katalon.core.webui.keyword.internal.WebUIKeywordMain.stepFailed(WebUIKeywordMain.groovy:64)
	at com.kms.katalon.core.webui.keyword.internal.WebUIKeywordMain.runKeyword(WebUIKeywordMain.groovy:26)
	at com.kms.katalon.core.webui.keyword.builtin.ClickKeyword.click(ClickKeyword.groovy:74)
	at com.kms.katalon.core.webui.keyword.builtin.ClickKeyword.execute(ClickKeyword.groovy:40)
	at com.kms.katalon.core.keyword.internal.KeywordExecutor.executeKeywordForPlatform(KeywordExecutor.groovy:74)
	at com.kms.katalon.core.webui.keyword.WebUiBuiltInKeywords.click(WebUiBuiltInKeywords.groovy:620)
	at com.kms.katalon.core.webui.keyword.WebUiBuiltInKeywords$click.call(Unknown Source)
	at TCMHC10 - User bisa membuka list Help Other pada halaman Help dam membuka beberapa list collapse help Other.run(TCMHC10 - User bisa membuka list Help Other pada halaman Help dam membuka beberapa list collapse help Other:22)
	at com.kms.katalon.core.main.ScriptEngine.run(ScriptEngine.java:194)
	at com.kms.katalon.core.main.ScriptEngine.runScriptAsRawText(ScriptEngine.java:119)
	at com.kms.katalon.core.main.TestCaseExecutor.runScript(TestCaseExecutor.java:448)
	at com.kms.katalon.core.main.TestCaseExecutor.doExecute(TestCaseExecutor.java:439)
	at com.kms.katalon.core.main.TestCaseExecutor.processExecutionPhase(TestCaseExecutor.java:418)
	at com.kms.katalon.core.main.TestCaseExecutor.accessMainPhase(TestCaseExecutor.java:410)
	at com.kms.katalon.core.main.TestCaseExecutor.execute(TestCaseExecutor.java:285)
	at com.kms.katalon.core.common.CommonExecutor.accessTestCaseMainPhase(CommonExecutor.java:65)
	at com.kms.katalon.core.main.TestSuiteExecutor.accessTestSuiteMainPhase(TestSuiteExecutor.java:148)
	at com.kms.katalon.core.main.TestSuiteExecutor.execute(TestSuiteExecutor.java:106)
	at com.kms.katalon.core.main.TestCaseMain.startTestSuite(TestCaseMain.java:187)
	at com.kms.katalon.core.main.TestCaseMain$startTestSuite$0.call(Unknown Source)
	at TempTestSuite1708674059623.run(TempTestSuite1708674059623.groovy:36)
Caused by: com.kms.katalon.core.webui.exception.WebElementNotFoundException: Web element with id: 'Object Repository/Object Help/list_other_help' located by '//*[@id = 'list-other-help']' not found
	at com.kms.katalon.core.webui.common.WebUiCommonHelper.findWebElement(WebUiCommonHelper.java:1381)
	at com.kms.katalon.core.webui.keyword.internal.WebUIAbstractKeyword.findWebElement(WebUIAbstractKeyword.groovy:27)
	at com.kms.katalon.core.webui.keyword.builtin.ClickKeyword$_click_closure1.doCall(ClickKeyword.groovy:65)
	at com.kms.katalon.core.webui.keyword.builtin.ClickKeyword$_click_closure1.call(ClickKeyword.groovy)
	at com.kms.katalon.core.webui.keyword.internal.WebUIKeywordMain.runKeyword(WebUIKeywordMain.groovy:20)
	at com.kms.katalon.core.webui.keyword.builtin.ClickKeyword.click(ClickKeyword.groovy:74)
	at com.kms.katalon.core.webui.keyword.builtin.ClickKeyword.execute(ClickKeyword.groovy:40)
	at com.kms.katalon.core.keyword.internal.KeywordExecutor.executeKeywordForPlatform(KeywordExecutor.groovy:74)
	at com.kms.katalon.core.webui.keyword.WebUiBuiltInKeywords.click(WebUiBuiltInKeywords.groovy:620)
	at com.kms.katalon.core.webui.keyword.WebUiBuiltInKeywords$click.call(Unknown Source)
	at Script1704678365300.run(Script1704678365300.groovy:22)
	... 13 more
)
[[ATTACHMENT|C:\\Users\\User\\git\\moleawiz_web_katalon_automation\\Reports\\20240223_144059\\MoLeaWiz\\Help Center\\Positive Case\\Scenario Postive Case - Help\\20240223_144059\\1708674231211.png]]]]></system-out>
         <system-err><![CDATA[2024-02-23 14:43:18 - [TEST_CASE][FAILED] - Test Cases/MoLeaWiz/Help/Positive Case/TCMHC10 - User bisa membuka list Help Other pada halaman Help dam membuka beberapa list collapse help Other: Test Cases/MoLeaWiz/Help/Positive Case/TCMHC10 - User bisa membuka list Help Other pada halaman Help dam membuka beberapa list collapse help Other FAILED.
Reason:
com.kms.katalon.core.exception.StepFailedException: Unable to click on object 'Object Repository/Object Help/list_other_help'
	at com.kms.katalon.core.webui.keyword.internal.WebUIKeywordMain.stepFailed(WebUIKeywordMain.groovy:64)
	at com.kms.katalon.core.webui.keyword.internal.WebUIKeywordMain.runKeyword(WebUIKeywordMain.groovy:26)
	at com.kms.katalon.core.webui.keyword.builtin.ClickKeyword.click(ClickKeyword.groovy:74)
	at com.kms.katalon.core.webui.keyword.builtin.ClickKeyword.execute(ClickKeyword.groovy:40)
	at com.kms.katalon.core.keyword.internal.KeywordExecutor.executeKeywordForPlatform(KeywordExecutor.groovy:74)
	at com.kms.katalon.core.webui.keyword.WebUiBuiltInKeywords.click(WebUiBuiltInKeywords.groovy:620)
	at com.kms.katalon.core.webui.keyword.WebUiBuiltInKeywords$click.call(Unknown Source)
	at TCMHC10 - User bisa membuka list Help Other pada halaman Help dam membuka beberapa list collapse help Other.run(TCMHC10 - User bisa membuka list Help Other pada halaman Help dam membuka beberapa list collapse help Other:22)
	at com.kms.katalon.core.main.ScriptEngine.run(ScriptEngine.java:194)
	at com.kms.katalon.core.main.ScriptEngine.runScriptAsRawText(ScriptEngine.java:119)
	at com.kms.katalon.core.main.TestCaseExecutor.runScript(TestCaseExecutor.java:448)
	at com.kms.katalon.core.main.TestCaseExecutor.doExecute(TestCaseExecutor.java:439)
	at com.kms.katalon.core.main.TestCaseExecutor.processExecutionPhase(TestCaseExecutor.java:418)
	at com.kms.katalon.core.main.TestCaseExecutor.accessMainPhase(TestCaseExecutor.java:410)
	at com.kms.katalon.core.main.TestCaseExecutor.execute(TestCaseExecutor.java:285)
	at com.kms.katalon.core.common.CommonExecutor.accessTestCaseMainPhase(CommonExecutor.java:65)
	at com.kms.katalon.core.main.TestSuiteExecutor.accessTestSuiteMainPhase(TestSuiteExecutor.java:148)
	at com.kms.katalon.core.main.TestSuiteExecutor.execute(TestSuiteExecutor.java:106)
	at com.kms.katalon.core.main.TestCaseMain.startTestSuite(TestCaseMain.java:187)
	at com.kms.katalon.core.main.TestCaseMain$startTestSuite$0.call(Unknown Source)
	at TempTestSuite1708674059623.run(TempTestSuite1708674059623.groovy:36)
Caused by: com.kms.katalon.core.webui.exception.WebElementNotFoundException: Web element with id: 'Object Repository/Object Help/list_other_help' located by '//*[@id = 'list-other-help']' not found
	at com.kms.katalon.core.webui.common.WebUiCommonHelper.findWebElement(WebUiCommonHelper.java:1381)
	at com.kms.katalon.core.webui.keyword.internal.WebUIAbstractKeyword.findWebElement(WebUIAbstractKeyword.groovy:27)
	at com.kms.katalon.core.webui.keyword.builtin.ClickKeyword$_click_closure1.doCall(ClickKeyword.groovy:65)
	at com.kms.katalon.core.webui.keyword.builtin.ClickKeyword$_click_closure1.call(ClickKeyword.groovy)
	at com.kms.katalon.core.webui.keyword.internal.WebUIKeywordMain.runKeyword(WebUIKeywordMain.groovy:20)
	... 19 more]]></system-err>
      </testcase>
      <testcase name="Test Cases/MoLeaWiz/Help/Positive Case/TCMHC11 - User bisa membuka halaman Email MoLeaWiz" time="7.723" classname="Test Cases/MoLeaWiz/Help/Positive Case/TCMHC11 - User bisa membuka halaman Email MoLeaWiz" status="PASSED">
         <system-out><![CDATA[2024-02-23 14:43:52 - [TEST_CASE][PASSED] - Test Cases/MoLeaWiz/Help/Positive Case/TCMHC11 - User bisa membuka halaman Email MoLeaWiz: Test Cases/MoLeaWiz/Help/Positive Case/TCMHC11 - User bisa membuka halaman Email MoLeaWiz

2024-02-23 14:43:53 - [TEST_STEP][PASSED] - click(findTestObject("Object Menu/btn_Help_Menu")): Object: 'Object Repository/Object Menu/btn_Help_Menu' is clicked on

2024-02-23 14:43:54 - [MESSAGE][PASSED] - Object: 'Object Repository/Object Menu/btn_Help_Menu' is clicked on

2024-02-23 14:43:54 - [TEST_STEP][PASSED] - click(findTestObject("Object Help/link_help_moleawiz")): Object: 'Object Repository/Object Help/link_help_moleawiz' is clicked on

2024-02-23 14:43:56 - [MESSAGE][PASSED] - Object: 'Object Repository/Object Help/link_help_moleawiz' is clicked on

2024-02-23 14:43:56 - [TEST_STEP][PASSED] - click(findTestObject("Object Help/list_collapse_help_index_0")): Object: 'Object Repository/Object Help/list_collapse_help_index_0' is clicked on

2024-02-23 14:43:58 - [MESSAGE][PASSED] - Object: 'Object Repository/Object Help/list_collapse_help_index_0' is clicked on

2024-02-23 14:43:58 - [TEST_STEP][PASSED] - click(findTestObject("Object Help/list_collapse_help_index_1")): Object: 'Object Repository/Object Help/list_collapse_help_index_1' is clicked on

2024-02-23 14:44:00 - [MESSAGE][PASSED] - Object: 'Object Repository/Object Help/list_collapse_help_index_1' is clicked on]]></system-out>
         <system-err><![CDATA[]]></system-err>
      </testcase>
      <system-out><![CDATA[2024-02-23 14:41:08 - [TEST_SUITE][FAILED] - Scenario Postive Case - Help: Test Cases/MoLeaWiz/Help/Positive Case/TCMHC04 - User bisa membuka list Help Profile dan Contact pada halaman Help dam membuka beberapa list collapse help Profile dan Contact FAILED.
Reason:
com.kms.katalon.core.exception.StepFailedException: Unable to click on object 'Object Repository/Object Help/list_profile_contact_help'
	at com.kms.katalon.core.webui.keyword.internal.WebUIKeywordMain.stepFailed(WebUIKeywordMain.groovy:64)
	at com.kms.katalon.core.webui.keyword.internal.WebUIKeywordMain.runKeyword(WebUIKeywordMain.groovy:26)
	at com.kms.katalon.core.webui.keyword.builtin.ClickKeyword.click(ClickKeyword.groovy:74)
	at com.kms.katalon.core.webui.keyword.builtin.ClickKeyword.execute(ClickKeyword.groovy:40)
	at com.kms.katalon.core.keyword.internal.KeywordExecutor.executeKeywordForPlatform(KeywordExecutor.groovy:74)
	at com.kms.katalon.core.webui.keyword.WebUiBuiltInKeywords.click(WebUiBuiltInKeywords.groovy:620)
	at com.kms.katalon.core.webui.keyword.WebUiBuiltInKeywords$click.call(Unknown Source)
	at TCMHC04 - User bisa membuka list Help Profile dan Contact pada halaman Help dam membuka beberapa list collapse help Profile dan Contact.run(TCMHC04 - User bisa membuka list Help Profile dan Contact pada halaman Help dam membuka beberapa list collapse help Profile dan Contact:22)
	at com.kms.katalon.core.main.ScriptEngine.run(ScriptEngine.java:194)
	at com.kms.katalon.core.main.ScriptEngine.runScriptAsRawText(ScriptEngine.java:119)
	at com.kms.katalon.core.main.TestCaseExecutor.runScript(TestCaseExecutor.java:448)
	at com.kms.katalon.core.main.TestCaseExecutor.doExecute(TestCaseExecutor.java:439)
	at com.kms.katalon.core.main.TestCaseExecutor.processExecutionPhase(TestCaseExecutor.java:418)
	at com.kms.katalon.core.main.TestCaseExecutor.accessMainPhase(TestCaseExecutor.java:410)
	at com.kms.katalon.core.main.TestCaseExecutor.execute(TestCaseExecutor.java:285)
	at com.kms.katalon.core.common.CommonExecutor.accessTestCaseMainPhase(CommonExecutor.java:65)
	at com.kms.katalon.core.main.TestSuiteExecutor.accessTestSuiteMainPhase(TestSuiteExecutor.java:148)
	at com.kms.katalon.core.main.TestSuiteExecutor.execute(TestSuiteExecutor.java:106)
	at com.kms.katalon.core.main.TestCaseMain.startTestSuite(TestCaseMain.java:187)
	at com.kms.katalon.core.main.TestCaseMain$startTestSuite$0.call(Unknown Source)
	at TempTestSuite1708674059623.run(TempTestSuite1708674059623.groovy:36)
Caused by: com.kms.katalon.core.webui.exception.WebElementNotFoundException: Web element with id: 'Object Repository/Object Help/list_profile_contact_help' located by '//*[@id = 'list-profile-contact-help']' not found
	at com.kms.katalon.core.webui.common.WebUiCommonHelper.findWebElement(WebUiCommonHelper.java:1381)
	at com.kms.katalon.core.webui.keyword.internal.WebUIAbstractKeyword.findWebElement(WebUIAbstractKeyword.groovy:27)
	at com.kms.katalon.core.webui.keyword.builtin.ClickKeyword$_click_closure1.doCall(ClickKeyword.groovy:65)
	at com.kms.katalon.core.webui.keyword.builtin.ClickKeyword$_click_closure1.call(ClickKeyword.groovy)
	at com.kms.katalon.core.webui.keyword.internal.WebUIKeywordMain.runKeyword(WebUIKeywordMain.groovy:20)
	... 19 more]]></system-out>
      <system-err><![CDATA[2024-02-23 14:41:08 - [TEST_SUITE][FAILED] - Scenario Postive Case - Help: Test Cases/MoLeaWiz/Help/Positive Case/TCMHC04 - User bisa membuka list Help Profile dan Contact pada halaman Help dam membuka beberapa list collapse help Profile dan Contact FAILED.
Reason:
com.kms.katalon.core.exception.StepFailedException: Unable to click on object 'Object Repository/Object Help/list_profile_contact_help'
	at com.kms.katalon.core.webui.keyword.internal.WebUIKeywordMain.stepFailed(WebUIKeywordMain.groovy:64)
	at com.kms.katalon.core.webui.keyword.internal.WebUIKeywordMain.runKeyword(WebUIKeywordMain.groovy:26)
	at com.kms.katalon.core.webui.keyword.builtin.ClickKeyword.click(ClickKeyword.groovy:74)
	at com.kms.katalon.core.webui.keyword.builtin.ClickKeyword.execute(ClickKeyword.groovy:40)
	at com.kms.katalon.core.keyword.internal.KeywordExecutor.executeKeywordForPlatform(KeywordExecutor.groovy:74)
	at com.kms.katalon.core.webui.keyword.WebUiBuiltInKeywords.click(WebUiBuiltInKeywords.groovy:620)
	at com.kms.katalon.core.webui.keyword.WebUiBuiltInKeywords$click.call(Unknown Source)
	at TCMHC04 - User bisa membuka list Help Profile dan Contact pada halaman Help dam membuka beberapa list collapse help Profile dan Contact.run(TCMHC04 - User bisa membuka list Help Profile dan Contact pada halaman Help dam membuka beberapa list collapse help Profile dan Contact:22)
	at com.kms.katalon.core.main.ScriptEngine.run(ScriptEngine.java:194)
	at com.kms.katalon.core.main.ScriptEngine.runScriptAsRawText(ScriptEngine.java:119)
	at com.kms.katalon.core.main.TestCaseExecutor.runScript(TestCaseExecutor.java:448)
	at com.kms.katalon.core.main.TestCaseExecutor.doExecute(TestCaseExecutor.java:439)
	at com.kms.katalon.core.main.TestCaseExecutor.processExecutionPhase(TestCaseExecutor.java:418)
	at com.kms.katalon.core.main.TestCaseExecutor.accessMainPhase(TestCaseExecutor.java:410)
	at com.kms.katalon.core.main.TestCaseExecutor.execute(TestCaseExecutor.java:285)
	at com.kms.katalon.core.common.CommonExecutor.accessTestCaseMainPhase(CommonExecutor.java:65)
	at com.kms.katalon.core.main.TestSuiteExecutor.accessTestSuiteMainPhase(TestSuiteExecutor.java:148)
	at com.kms.katalon.core.main.TestSuiteExecutor.execute(TestSuiteExecutor.java:106)
	at com.kms.katalon.core.main.TestCaseMain.startTestSuite(TestCaseMain.java:187)
	at com.kms.katalon.core.main.TestCaseMain$startTestSuite$0.call(Unknown Source)
	at TempTestSuite1708674059623.run(TempTestSuite1708674059623.groovy:36)
Caused by: com.kms.katalon.core.webui.exception.WebElementNotFoundException: Web element with id: 'Object Repository/Object Help/list_profile_contact_help' located by '//*[@id = 'list-profile-contact-help']' not found
	at com.kms.katalon.core.webui.common.WebUiCommonHelper.findWebElement(WebUiCommonHelper.java:1381)
	at com.kms.katalon.core.webui.keyword.internal.WebUIAbstractKeyword.findWebElement(WebUIAbstractKeyword.groovy:27)
	at com.kms.katalon.core.webui.keyword.builtin.ClickKeyword$_click_closure1.doCall(ClickKeyword.groovy:65)
	at com.kms.katalon.core.webui.keyword.builtin.ClickKeyword$_click_closure1.call(ClickKeyword.groovy)
	at com.kms.katalon.core.webui.keyword.internal.WebUIKeywordMain.runKeyword(WebUIKeywordMain.groovy:20)
	... 19 more]]></system-err>
   </testsuite>
</testsuites>
